#
# There is insufficient memory for the Java Runtime Environment to continue.
# Native memory allocation (malloc) failed to allocate 953296 bytes for Chunk::new
# Possible reasons:
#   The system is out of physical RAM or swap space
#   The process is running with CompressedOops enabled, and the Java Heap may be blocking the growth of the native heap
# Possible solutions:
#   Reduce memory load on the system
#   Increase physical memory or swap space
#   Check if swap backing store is full
#   Decrease Java heap size (-Xmx/-Xms)
#   Decrease number of Java threads
#   Decrease Java thread stack sizes (-Xss)
#   Set larger code cache with -XX:ReservedCodeCacheSize=
#   JVM is running with Unscaled Compressed Oops mode in which the Java heap is
#     placed in the first 4GB address space. The Java Heap base address is the
#     maximum limit for the native heap growth. Please use -XX:HeapBaseMinAddress
#     to set the Java Heap base and to place the Java Heap above 4GB virtual address.
# This output file may be truncated or incomplete.
#
#  Out of Memory Error (allocation.cpp:389), pid=1968, tid=0x0000000000002978
#
# JRE version: Java(TM) SE Runtime Environment (8.0_261-b12) (build 1.8.0_261-b12)
# Java VM: Java HotSpot(TM) 64-Bit Server VM (25.261-b12 mixed mode windows-amd64 compressed oops)
# Failed to write core dump. Minidumps are not enabled by default on client versions of Windows
#

---------------  T H R E A D  ---------------

Current thread (0x000001b448bf1000):  JavaThread "C2 CompilerThread1" daemon [_thread_in_native, id=10616, stack(0x0000003e8ec00000,0x0000003e8ed00000)]

Stack: [0x0000003e8ec00000,0x0000003e8ed00000]
Native frames: (J=compiled Java code, j=interpreted, Vv=VM code, C=native code)
V  [jvm.dll+0x33e5f9]
V  [jvm.dll+0x2850e2]
V  [jvm.dll+0x285d8d]
V  [jvm.dll+0x27c895]
V  [jvm.dll+0xe4d6c]
V  [jvm.dll+0xe556c]
V  [jvm.dll+0x47ece3]
V  [jvm.dll+0x446900]
V  [jvm.dll+0x44f8f5]
V  [jvm.dll+0x44ecb5]
V  [jvm.dll+0x439bc7]
V  [jvm.dll+0xbbbcb]
V  [jvm.dll+0xba22b]
V  [jvm.dll+0x24d962]
V  [jvm.dll+0x2a1cfc]
C  [ucrtbase.dll+0x20e82]
C  [KERNEL32.DLL+0x17bd4]
C  [ntdll.dll+0x6ce51]


Current CompileTask:
C2:   1135  650       4       java.io.WinNTFileSystem::normalize (143 bytes)


---------------  P R O C E S S  ---------------

Java Threads: ( => current thread )
  0x000001b449d33000 JavaThread "Service Thread" daemon [_thread_blocked, id=14584, stack(0x0000003e8ee00000,0x0000003e8ef00000)]
  0x000001b449ce8800 JavaThread "C1 CompilerThread2" daemon [_thread_in_vm, id=10336, stack(0x0000003e8ed00000,0x0000003e8ee00000)]
=>0x000001b448bf1000 JavaThread "C2 CompilerThread1" daemon [_thread_in_native, id=10616, stack(0x0000003e8ec00000,0x0000003e8ed00000)]
  0x000001b448bed000 JavaThread "C2 CompilerThread0" daemon [_thread_blocked, id=4936, stack(0x0000003e8eb00000,0x0000003e8ec00000)]
  0x000001b448bea800 JavaThread "Monitor Ctrl-Break" daemon [_thread_in_native, id=5068, stack(0x0000003e8ea00000,0x0000003e8eb00000)]
  0x000001b448bc7800 JavaThread "Attach Listener" daemon [_thread_blocked, id=13468, stack(0x0000003e8e900000,0x0000003e8ea00000)]
  0x000001b448b71000 JavaThread "Signal Dispatcher" daemon [_thread_blocked, id=9584, stack(0x0000003e8e800000,0x0000003e8e900000)]
  0x000001b448b41000 JavaThread "Finalizer" daemon [_thread_blocked, id=12028, stack(0x0000003e8e700000,0x0000003e8e800000)]
  0x000001b448b37800 JavaThread "Reference Handler" daemon [_thread_blocked, id=15156, stack(0x0000003e8e600000,0x0000003e8e700000)]
  0x000001b432bc7800 JavaThread "main" [_thread_in_vm, id=2436, stack(0x0000003e8e000000,0x0000003e8e100000)]

Other Threads:
  0x000001b448b0d000 VMThread [stack: 0x0000003e8e500000,0x0000003e8e600000] [id=8648]
  0x000001b449ced000 WatcherThread [stack: 0x0000003e8ef00000,0x0000003e8f000000] [id=3052]

VM state:not at safepoint (normal execution)

VM Mutex/Monitor currently owned by a thread: None

heap address: 0x0000000082600000, size: 2010 MB, Compressed Oops mode: 32-bit
Narrow klass base: 0x0000000000000000, Narrow klass shift: 3
Compressed class space size: 1073741824 Address: 0x0000000100000000

Heap:
 PSYoungGen      total 37888K, used 24324K [0x00000000d6200000, 0x00000000d8c00000, 0x0000000100000000)
  eden space 32768K, 74% used [0x00000000d6200000,0x00000000d79c1128,0x00000000d8200000)
  from space 5120K, 0% used [0x00000000d8700000,0x00000000d8700000,0x00000000d8c00000)
  to   space 5120K, 0% used [0x00000000d8200000,0x00000000d8200000,0x00000000d8700000)
 ParOldGen       total 86016K, used 0K [0x0000000082600000, 0x0000000087a00000, 0x00000000d6200000)
  object space 86016K, 0% used [0x0000000082600000,0x0000000082600000,0x0000000087a00000)
 Metaspace       used 7878K, capacity 8544K, committed 8704K, reserved 1056768K
  class space    used 1003K, capacity 1167K, committed 1280K, reserved 1048576K

Card table byte_map: [0x000001b4437e0000,0x000001b443bd0000] byte_map_base: 0x000001b4433cd000

Marking Bits: (ParMarkBitMap*) 0x0000000072744fb0
 Begin Bits: [0x000001b443e70000, 0x000001b445dd8000)
 End Bits:   [0x000001b445dd8000, 0x000001b447d40000)

Polling page: 0x000001b432b30000

CodeCache: size=245760Kb used=3213Kb max_used=3216Kb free=242546Kb
 bounds [0x000001b434420000, 0x000001b434750000, 0x000001b443420000]
 total_blobs=1125 nmethods=829 adapters=209
 compilation: enabled

Compilation events (10 events):
Event: 1.079 Thread 0x000001b449ce8800  792       3       java.util.Objects::hash (5 bytes)
Event: 1.080 Thread 0x000001b449ce8800 nmethod 792 0x000001b434718990 code [0x000001b434718b00, 0x000001b434718c70]
Event: 1.080 Thread 0x000001b449ce8800  794       3       java.lang.invoke.MethodHandleNatives::refKindIsMethod (19 bytes)
Event: 1.081 Thread 0x000001b449ce8800 nmethod 794 0x000001b434719110 code [0x000001b434719280, 0x000001b434719518]
Event: 1.082 Thread 0x000001b449ce8800  796       3       jdk.internal.org.objectweb.asm.MethodVisitor::visitVarInsn (17 bytes)
Event: 1.082 Thread 0x000001b449ce8800 nmethod 796 0x000001b434719750 code [0x000001b4347198c0, 0x000001b434719b30]
Event: 1.084 Thread 0x000001b449ce8800  797       3       java.lang.ReflectiveOperationException::<init> (7 bytes)
Event: 1.084 Thread 0x000001b449ce8800 nmethod 797 0x000001b434719c10 code [0x000001b434719d80, 0x000001b434719f70]
Event: 1.087 Thread 0x000001b449ce8800  798       3       java.util.zip.ZipEntry::setExtra0 (360 bytes)
Event: 1.094 Thread 0x000001b449ce8800 nmethod 798 0x000001b43471a050 code [0x000001b43471a720, 0x000001b43471f230]

GC Heap History (0 events):
No events

Deoptimization events (0 events):
No events

Classes redefined (0 events):
No events

Internal exceptions (10 events):
Event: 0.910 Thread 0x000001b432bc7800 Exception <a 'java/lang/IncompatibleClassChangeError': Found class java.lang.Object, but interface was expected> (0x00000000d717a628) thrown at [C:\jenkins\workspace\8-2-build-windows-amd64-cygwin\jdk8u261\295\hotspot\src\share\vm\interpreter\linkResolver
Event: 0.982 Thread 0x000001b432bc7800 Exception <a 'java/lang/NoSuchMethodError': java.lang.Object.lambda$andThen$1(Ljava/util/function/Function;Ljava/lang/Object;)Ljava/lang/Object;> (0x00000000d74a4d30) thrown at [C:\jenkins\workspace\8-2-build-windows-amd64-cygwin\jdk8u261\295\hotspot\src\
Event: 0.998 Thread 0x000001b432bc7800 Exception <a 'java/lang/IncompatibleClassChangeError': Found class java.lang.Object, but interface was expected> (0x00000000d755b5f0) thrown at [C:\jenkins\workspace\8-2-build-windows-amd64-cygwin\jdk8u261\295\hotspot\src\share\vm\interpreter\linkResolver
Event: 1.001 Thread 0x000001b432bc7800 Exception <a 'java/lang/NoSuchMethodError': java.lang.Object.lambda$ofVoidMethod$0(Lorg/junit/jupiter/engine/execution/ExecutableInvoker$ReflectiveInterceptorCall$VoidMethodInterceptorCall;Lorg/junit/jupiter/api/extension/InvocationInterceptor;Lorg/junit/
Event: 1.009 Thread 0x000001b432bc7800 Exception <a 'java/lang/IncompatibleClassChangeError': Found class java.lang.Object, but interface was expected> (0x00000000d75c5998) thrown at [C:\jenkins\workspace\8-2-build-windows-amd64-cygwin\jdk8u261\295\hotspot\src\share\vm\interpreter\linkResolver
Event: 1.009 Thread 0x000001b432bc7800 Exception <a 'java/lang/NoSuchMethodError': java.lang.Object.lambda$accept$0(Lorg/junit/platform/engine/TestDescriptor$Visitor;Lorg/junit/platform/engine/TestDescriptor;)V> (0x00000000d75c9e70) thrown at [C:\jenkins\workspace\8-2-build-windows-amd64-cygwi
Event: 1.017 Thread 0x000001b432bc7800 Exception <a 'java/lang/NoSuchMethodError': java.lang.Object.containsTests(Lorg/junit/platform/engine/TestDescriptor;)Z> (0x00000000d7601d20) thrown at [C:\jenkins\workspace\8-2-build-windows-amd64-cygwin\jdk8u261\295\hotspot\src\share\vm\interpreter\link
Event: 1.033 Thread 0x000001b432bc7800 Exception <a 'java/lang/IncompatibleClassChangeError': Found class java.lang.Object, but interface was expected> (0x00000000d76741d8) thrown at [C:\jenkins\workspace\8-2-build-windows-amd64-cygwin\jdk8u261\295\hotspot\src\share\vm\interpreter\linkResolver
Event: 1.066 Thread 0x000001b432bc7800 Exception <a 'java/lang/NoSuchMethodError': java.lang.Object.lambda$comparing$77a9974f$1(Ljava/util/function/Function;Ljava/lang/Object;Ljava/lang/Object;)I> (0x00000000d7778520) thrown at [C:\jenkins\workspace\8-2-build-windows-amd64-cygwin\jdk8u261\295\
Event: 1.081 Thread 0x000001b432bc7800 Exception <a 'java/lang/NoSuchMethodError': java.lang.Object.lambda$thenComparing$36697e65$1(Ljava/util/Comparator;Ljava/lang/Object;Ljava/lang/Object;)I> (0x00000000d7790f38) thrown at [C:\jenkins\workspace\8-2-build-windows-amd64-cygwin\jdk8u261\295\hot

Events (10 events):
Event: 1.085 loading class org/junit/platform/engine/support/hierarchical/NodeUtils$1
Event: 1.085 loading class org/junit/platform/engine/support/hierarchical/NodeUtils$1 done
Event: 1.085 loading class org/junit/platform/engine/support/hierarchical/NodeExecutionAdvisor
Event: 1.085 loading class org/junit/platform/engine/support/hierarchical/NodeExecutionAdvisor done
Event: 1.085 loading class org/junit/platform/engine/TestDescriptor
Event: 1.085 loading class org/junit/platform/engine/TestDescriptor done
Event: 1.085 loading class org/junit/platform/engine/support/hierarchical/NodeTreeWalker
Event: 1.085 loading class org/junit/platform/engine/support/hierarchical/NodeTreeWalker done
Event: 1.086 loading class org/junit/jupiter/api/parallel/ResourceLock
Event: 1.086 loading class org/junit/jupiter/api/parallel/ResourceLock done


Dynamic libraries:
0x00007ff7baf80000 - 0x00007ff7bafc7000 	D:\JDK\jdk1.8\bin\java.exe
0x00007ffedba00000 - 0x00007ffedbbf0000 	C:\WINDOWS\SYSTEM32\ntdll.dll
0x00007ffeda0c0000 - 0x00007ffeda172000 	C:\WINDOWS\System32\KERNEL32.DLL
0x00007ffed9500000 - 0x00007ffed97a5000 	C:\WINDOWS\System32\KERNELBASE.dll
0x00007ffedb740000 - 0x00007ffedb7e3000 	C:\WINDOWS\System32\ADVAPI32.dll
0x00007ffedaf00000 - 0x00007ffedaf9e000 	C:\WINDOWS\System32\msvcrt.dll
0x00007ffedb690000 - 0x00007ffedb727000 	C:\WINDOWS\System32\sechost.dll
0x00007ffed9fa0000 - 0x00007ffeda0c0000 	C:\WINDOWS\System32\RPCRT4.dll
0x00007ffedab90000 - 0x00007ffedad25000 	C:\WINDOWS\System32\USER32.dll
0x00007ffed9a30000 - 0x00007ffed9a51000 	C:\WINDOWS\System32\win32u.dll
0x00007ffedae00000 - 0x00007ffedae26000 	C:\WINDOWS\System32\GDI32.dll
0x00007ffed97b0000 - 0x00007ffed9946000 	C:\WINDOWS\System32\gdi32full.dll
0x00007ffed8990000 - 0x00007ffed8a2e000 	C:\WINDOWS\System32\msvcp_win.dll
0x00007ffed92b0000 - 0x00007ffed93aa000 	C:\WINDOWS\System32\ucrtbase.dll
0x00007ffecc900000 - 0x00007ffeccb84000 	C:\WINDOWS\WinSxS\amd64_microsoft.windows.common-controls_6595b64144ccf1df_6.0.18362.1082_none_9e8193e1e45b25c1\COMCTL32.dll
0x00007ffedb350000 - 0x00007ffedb685000 	C:\WINDOWS\System32\combase.dll
0x00007ffed99b0000 - 0x00007ffed9a30000 	C:\WINDOWS\System32\bcryptPrimitives.dll
0x00007ffedaa10000 - 0x00007ffedaa3e000 	C:\WINDOWS\System32\IMM32.DLL
0x00007ffed3cc0000 - 0x00007ffed3cd5000 	D:\JDK\jdk1.8\jre\bin\vcruntime140.dll
0x00007ffeced90000 - 0x00007ffecee2b000 	D:\JDK\jdk1.8\jre\bin\msvcp140.dll
0x0000000071f50000 - 0x00000000727bc000 	D:\JDK\jdk1.8\jre\bin\server\jvm.dll
0x00007ffeda310000 - 0x00007ffeda318000 	C:\WINDOWS\System32\PSAPI.DLL
0x00007ffed4f50000 - 0x00007ffed4f59000 	C:\WINDOWS\SYSTEM32\WSOCK32.dll
0x00007ffedad30000 - 0x00007ffedad9f000 	C:\WINDOWS\System32\WS2_32.dll
0x00007ffecf8c0000 - 0x00007ffecf8e4000 	C:\WINDOWS\SYSTEM32\WINMM.dll
0x00007ffed8430000 - 0x00007ffed843a000 	C:\WINDOWS\SYSTEM32\VERSION.dll
0x00007ffecf890000 - 0x00007ffecf8bd000 	C:\WINDOWS\SYSTEM32\WINMMBASE.dll
0x00007ffed8ae0000 - 0x00007ffed8b2a000 	C:\WINDOWS\System32\cfgmgr32.dll
0x00007ffed88d0000 - 0x00007ffed88e1000 	C:\WINDOWS\System32\kernel.appcore.dll
0x00007ffed5130000 - 0x00007ffed5140000 	D:\JDK\jdk1.8\jre\bin\verify.dll
0x00007ffed1dd0000 - 0x00007ffed1dfb000 	D:\JDK\jdk1.8\jre\bin\java.dll
0x00007ffed1ed0000 - 0x00007ffed1f02000 	D:\JDK\jdk1.8\jre\bin\instrument.dll
0x00007ffed3ca0000 - 0x00007ffed3cb8000 	D:\JDK\jdk1.8\jre\bin\zip.dll
0x00007ffeda320000 - 0x00007ffedaa07000 	C:\WINDOWS\System32\SHELL32.dll
0x00007ffeda260000 - 0x00007ffeda309000 	C:\WINDOWS\System32\shcore.dll
0x00007ffed8b30000 - 0x00007ffed92b0000 	C:\WINDOWS\System32\windows.storage.dll
0x00007ffed8960000 - 0x00007ffed8983000 	C:\WINDOWS\System32\profapi.dll
0x00007ffed88f0000 - 0x00007ffed893a000 	C:\WINDOWS\System32\powrprof.dll
0x00007ffed88c0000 - 0x00007ffed88d0000 	C:\WINDOWS\System32\UMPDC.dll
0x00007ffedada0000 - 0x00007ffedadf2000 	C:\WINDOWS\System32\shlwapi.dll
0x00007ffed9a60000 - 0x00007ffed9a77000 	C:\WINDOWS\System32\cryptsp.dll
0x00007ffed1eb0000 - 0x00007ffed1eca000 	D:\IntelliJ IDEA 2020.2.1\bin\breakgen64.dll
0x00007ffed2d50000 - 0x00007ffed2d6c000 	D:\JDK\jdk1.8\jre\bin\net.dll
0x00007ffed8030000 - 0x00007ffed8097000 	C:\WINDOWS\system32\mswsock.dll
0x00007ffed6ff0000 - 0x00007ffed71e4000 	C:\WINDOWS\SYSTEM32\dbghelp.dll

VM Arguments:
jvm_args: -Dvisualvm.id=80897457358100 -ea -Didea.test.cyclic.buffer.size=1048576 -javaagent:D:\IntelliJ IDEA 2020.2.1\lib\idea_rt.jar=60502:D:\IntelliJ IDEA 2020.2.1\bin -Dfile.encoding=UTF-8 
java_command: com.intellij.rt.junit.JUnitStarter -ideVersion5 -junit5 com.yehong.library.controller.ListAllBookControllerTest,bookList
java_class_path (initial): D:\IntelliJ IDEA 2020.2.1\lib\idea_rt.jar;C:\Users\lenovo\.m2\repository\org\junit\platform\junit-platform-launcher\1.6.2\junit-platform-launcher-1.6.2.jar;C:\Users\lenovo\.m2\repository\org\apiguardian\apiguardian-api\1.1.0\apiguardian-api-1.1.0.jar;C:\Users\lenovo\.m2\repository\org\junit\platform\junit-platform-engine\1.6.2\junit-platform-engine-1.6.2.jar;C:\Users\lenovo\.m2\repository\org\opentest4j\opentest4j\1.2.0\opentest4j-1.2.0.jar;C:\Users\lenovo\.m2\repository\org\junit\platform\junit-platform-commons\1.6.2\junit-platform-commons-1.6.2.jar;D:\IntelliJ IDEA 2020.2.1\plugins\junit\lib\junit5-rt.jar;D:\IntelliJ IDEA 2020.2.1\plugins\junit\lib\junit-rt.jar;D:\JDK\jdk1.8\jre\lib\charsets.jar;D:\JDK\jdk1.8\jre\lib\deploy.jar;D:\JDK\jdk1.8\jre\lib\ext\access-bridge-64.jar;D:\JDK\jdk1.8\jre\lib\ext\cldrdata.jar;D:\JDK\jdk1.8\jre\lib\ext\dnsns.jar;D:\JDK\jdk1.8\jre\lib\ext\jaccess.jar;D:\JDK\jdk1.8\jre\lib\ext\jfxrt.jar;D:\JDK\jdk1.8\jre\lib\ext\localedata.jar;D:\JDK\jdk1.8\jre\lib\ext\nashorn.jar;D:\JDK\jdk1.8\jre\lib\ext\sunec.jar;D:\JDK\jdk1.8\jre\lib\ext\sunjce_provider.jar;D:\JDK\jdk1.8\jre\lib\ext\sunmscapi.jar;D:\JDK\jdk1.8\jre\lib\ext\sunpkcs11.jar;D:\JDK\jdk1.8\jre\lib\ext\zipfs.jar;D:\JDK\jdk1.8\jre\lib\javaws.jar;D:\JDK\jdk1.8\jre\lib\jce.jar;D:\JDK\jdk1.8\jre\lib\jfr.jar;D:\JDK\jdk1.8\jre\lib\jfxswt.jar;D:\JDK\jdk1.8\jre\lib\jsse.jar;D:\JDK\jdk1.8\jre\lib\management-agent.jar;D:\JDK\jdk1.8\jre\lib\plugin.jar;D:\JDK\jdk1.8\jre\lib\resources.jar;D:\JDK\jdk1.8\jre\lib\rt.jar;D:\IDEAProject\library\target\test-classes;D:\IDEAProject\library\target\classes;D:\maven\repository\org\springframework\boot\spring-boot-starter-web\2.3.3.RELEASE\spring-boot-starter-web-2.3.3.RELEASE.jar;D:\maven\repository\org\springframework\boot\spring-boot-starter\2.3.3.RELEASE\spring-boot-starter-2.3.3.RELEASE.jar;D:\maven\repository\org\springframework\boot\spring-boot-starter-logging\2.3.3.RELEASE\spring-boot-starter-logging-2.3.3.RELEASE.jar;D:\m
Launcher Type: SUN_STANDARD

Environment Variables:
JAVA_HOME=D:\JDK\jdk1.8
CLASSPATH=.;D:\JDK\jdk1.8\lib;D:\JDK\jdk1.8\lib\dt.jar;D:\JDK\jdk1.8\lib\tools.jar
PATH=C:\Program Files (x86)\Common Files\Oracle\Java\javapath;D:\JDK\jdk1.8\bin;C:\WINDOWS\system32;C:\WINDOWS;C:\WINDOWS\System32\Wbem;C:\WINDOWS\System32\WindowsPowerShell\v1.0\;C:\WINDOWS\System32\OpenSSH\;C:\Program Files\dotnet\;C:\Program Files\Microsoft SQL Server\130\Tools\Binn\;C:\Program Files\nodejs\;C:\Program Files\Git\cmd;C:\Users\lenovo\mysql-5.7.31-winx64\mysql-5.7.31-winx64\bin;C:\Users\lenovo\mysql\mysql-5.7.31-winx64\bin;C:\Spring\spring-2.3.3.RELEASE\bin;%GRADLE_HOME%\bin;C:\Program Files\7-Zip;D:\maven\bin;D:\gradle-6.3\bin;C:\WINDOWS\system32;C:\WINDOWS;C:\WINDOWS\System32\Wbem;C:\WINDOWS\System32\WindowsPowerShell\v1.0\;C:\WINDOWS\System32\OpenSSH\;C:\Program Files\dotnet\;C:\Program Files\Microsoft SQL Server\130\Tools\Binn\;C:\Users\lenovo\AppData\Local\Microsoft\WindowsApps;C:\Program Files\Git;C:\Users\lenovo\AppData\Roaming\npm;C:\Users\lenovo\Microsoft VS Code\bin;D:\download\eclipse;D:\IntelliJ IDEA 2020.2.1\bin;;
USERNAME=Ò¶ºè
OS=Windows_NT
PROCESSOR_IDENTIFIER=Intel64 Family 6 Model 142 Stepping 9, GenuineIntel



---------------  S Y S T E M  ---------------

OS: Windows 10.0 , 64 bit Build 18362 (10.0.18362.1082)

CPU:total 4 (initial active 4) (2 cores per cpu, 2 threads per core) family 6 model 142 stepping 9, cmov, cx8, fxsr, mmx, sse, sse2, sse3, ssse3, sse4.1, sse4.2, popcnt, avx, avx2, aes, clmul, erms, 3dnowpref, lzcnt, ht, tsc, tscinvbit, bmi1, bmi2, adx

Memory: 4k page, physical 8227212k(1189252k free), swap 8227212k(4456k free)

vm_info: Java HotSpot(TM) 64-Bit Server VM (25.261-b12) for windows-amd64 JRE (1.8.0_261-b12), built on Jun 18 2020 06:56:32 by "" with unknown MS VC++:1916

time: Sat Sep 12 20:48:56 2020
timezone: ?D1¨²¡À¨º¡Á?¨º¡À??
elapsed time: 1 seconds (0d 0h 0m 1s)

