#
# There is insufficient memory for the Java Runtime Environment to continue.
# Native memory allocation (malloc) failed to allocate 428016 bytes for Chunk::new
# Possible reasons:
#   The system is out of physical RAM or swap space
#   The process is running with CompressedOops enabled, and the Java Heap may be blocking the growth of the native heap
# Possible solutions:
#   Reduce memory load on the system
#   Increase physical memory or swap space
#   Check if swap backing store is full
#   Decrease Java heap size (-Xmx/-Xms)
#   Decrease number of Java threads
#   Decrease Java thread stack sizes (-Xss)
#   Set larger code cache with -XX:ReservedCodeCacheSize=
#   JVM is running with Unscaled Compressed Oops mode in which the Java heap is
#     placed in the first 4GB address space. The Java Heap base address is the
#     maximum limit for the native heap growth. Please use -XX:HeapBaseMinAddress
#     to set the Java Heap base and to place the Java Heap above 4GB virtual address.
# This output file may be truncated or incomplete.
#
#  Out of Memory Error (allocation.cpp:389), pid=2144, tid=0x0000000000002b90
#
# JRE version: Java(TM) SE Runtime Environment (8.0_261-b12) (build 1.8.0_261-b12)
# Java VM: Java HotSpot(TM) 64-Bit Server VM (25.261-b12 mixed mode windows-amd64 compressed oops)
# Failed to write core dump. Minidumps are not enabled by default on client versions of Windows
#

---------------  T H R E A D  ---------------

Current thread (0x000001eca2183000):  JavaThread "C2 CompilerThread1" daemon [_thread_in_native, id=11152, stack(0x0000006c0c400000,0x0000006c0c500000)]

Stack: [0x0000006c0c400000,0x0000006c0c500000]
Native frames: (J=compiled Java code, j=interpreted, Vv=VM code, C=native code)
V  [jvm.dll+0x33e5f9]
V  [jvm.dll+0x2850e2]
V  [jvm.dll+0x285d8d]
V  [jvm.dll+0x27c895]
V  [jvm.dll+0xe4d6c]
V  [jvm.dll+0xe556c]
V  [jvm.dll+0x461812]
V  [jvm.dll+0x49cc3d]
V  [jvm.dll+0x4518c1]
V  [jvm.dll+0x44eb84]
V  [jvm.dll+0x439bc7]
V  [jvm.dll+0xbbbcb]
V  [jvm.dll+0xba22b]
V  [jvm.dll+0x24d962]
V  [jvm.dll+0x2a1cfc]
C  [ucrtbase.dll+0x20e82]
C  [KERNEL32.DLL+0x17bd4]
C  [ntdll.dll+0x6ce51]


Current CompileTask:
C2:   4097 2289       4       org.springframework.beans.factory.support.AbstractBeanFactory::isTypeMatch (607 bytes)


---------------  P R O C E S S  ---------------

Java Threads: ( => current thread )
  0x000001eca3270800 JavaThread "Service Thread" daemon [_thread_blocked, id=8860, stack(0x0000006c0c600000,0x0000006c0c700000)]
  0x000001eca2188000 JavaThread "C1 CompilerThread2" daemon [_thread_blocked, id=12412, stack(0x0000006c0c500000,0x0000006c0c600000)]
=>0x000001eca2183000 JavaThread "C2 CompilerThread1" daemon [_thread_in_native, id=11152, stack(0x0000006c0c400000,0x0000006c0c500000)]
  0x000001eca217a000 JavaThread "C2 CompilerThread0" daemon [_thread_in_native, id=13284, stack(0x0000006c0c300000,0x0000006c0c400000)]
  0x000001eca2176800 JavaThread "Monitor Ctrl-Break" daemon [_thread_in_native, id=10480, stack(0x0000006c0c200000,0x0000006c0c300000)]
  0x000001eca2155800 JavaThread "Attach Listener" daemon [_thread_blocked, id=11488, stack(0x0000006c0c100000,0x0000006c0c200000)]
  0x000001eca2100800 JavaThread "Signal Dispatcher" daemon [_thread_blocked, id=4008, stack(0x0000006c0c000000,0x0000006c0c100000)]
  0x000001eca20d1800 JavaThread "Finalizer" daemon [_thread_blocked, id=6992, stack(0x0000006c0bf00000,0x0000006c0c000000)]
  0x000001eca20c8000 JavaThread "Reference Handler" daemon [_thread_blocked, id=5304, stack(0x0000006c0be00000,0x0000006c0bf00000)]
  0x000001ec8c093000 JavaThread "main" [_thread_in_vm, id=8372, stack(0x0000006c0b800000,0x0000006c0b900000)]

Other Threads:
  0x000001eca209d800 VMThread [stack: 0x0000006c0bd00000,0x0000006c0be00000] [id=8260]
  0x000001eca3293800 WatcherThread [stack: 0x0000006c0c700000,0x0000006c0c800000] [id=5984]

VM state:not at safepoint (normal execution)

VM Mutex/Monitor currently owned by a thread:  ([mutex/lock_event])
[0x000001ec8c08f9a0] SystemDictionary_lock - owner thread: 0x000001ec8c093000

heap address: 0x0000000082600000, size: 2010 MB, Compressed Oops mode: 32-bit
Narrow klass base: 0x0000000000000000, Narrow klass shift: 3
Compressed class space size: 1073741824 Address: 0x0000000100000000

Heap:
 PSYoungGen      total 37888K, used 13586K [0x00000000d6200000, 0x00000000d8c00000, 0x0000000100000000)
  eden space 32768K, 31% used [0x00000000d6200000,0x00000000d6c28d28,0x00000000d8200000)
  from space 5120K, 62% used [0x00000000d8700000,0x00000000d8a1bd38,0x00000000d8c00000)
  to   space 5120K, 0% used [0x00000000d8200000,0x00000000d8200000,0x00000000d8700000)
 ParOldGen       total 59904K, used 7377K [0x0000000082600000, 0x0000000086080000, 0x00000000d6200000)
  object space 59904K, 12% used [0x0000000082600000,0x0000000082d34588,0x0000000086080000)
 Metaspace       used 23737K, capacity 25354K, committed 25472K, reserved 1071104K
  class space    used 3070K, capacity 3363K, committed 3456K, reserved 1048576K

Card table byte_map: [0x000001ec9cd70000,0x000001ec9d160000] byte_map_base: 0x000001ec9c95d000

Marking Bits: (ParMarkBitMap*) 0x0000000058ec4fb0
 Begin Bits: [0x000001ec9d400000, 0x000001ec9f368000)
 End Bits:   [0x000001ec9f368000, 0x000001eca12d0000)

Polling page: 0x000001ec8bff0000

CodeCache: size=245760Kb used=7609Kb max_used=7620Kb free=238150Kb
 bounds [0x000001ec8d9b0000, 0x000001ec8e130000, 0x000001ec9c9b0000]
 total_blobs=2668 nmethods=2300 adapters=279
 compilation: disabled (not enough contiguous free space left)

Compilation events (10 events):
Event: 4.064 Thread 0x000001eca217a000 nmethod 2296 0x000001ec8e068c90 code [0x000001ec8e068dc0, 0x000001ec8e068e38]
Event: 4.068 Thread 0x000001eca2188000 2297       3       org.springframework.boot.autoconfigure.condition.SpringBootCondition::<init> (16 bytes)
Event: 4.069 Thread 0x000001eca2188000 nmethod 2297 0x000001ec8e112550 code [0x000001ec8e1126e0, 0x000001ec8e112bc0]
Event: 4.070 Thread 0x000001eca2188000 2298       3       org.springframework.boot.autoconfigure.condition.ConditionMessage::andCondition (34 bytes)
Event: 4.071 Thread 0x000001eca2188000 nmethod 2298 0x000001ec8e121790 code [0x000001ec8e1219c0, 0x000001ec8e122600]
Event: 4.071 Thread 0x000001eca2188000 2299       3       java.util.ArrayList::toArray (12 bytes)
Event: 4.071 Thread 0x000001eca217a000 2300       4       org.springframework.beans.factory.support.AbstractAutowireCapableBeanFactory::predictBeanType (138 bytes)
Event: 4.071 Thread 0x000001eca2188000 nmethod 2299 0x000001ec8e121290 code [0x000001ec8e121400, 0x000001ec8e1216b0]
Event: 4.072 Thread 0x000001eca2188000 2302       3       org.springframework.core.annotation.RepeatableContainers::findRepeatedAnnotations (18 bytes)
Event: 4.072 Thread 0x000001eca2188000 nmethod 2302 0x000001ec8e120dd0 code [0x000001ec8e120f40, 0x000001ec8e1211b0]

GC Heap History (10 events):
Event: 2.528 GC heap before
{Heap before GC invocations=3 (full 0):
 PSYoungGen      total 37888K, used 37859K [0x00000000d6200000, 0x00000000d8c00000, 0x0000000100000000)
  eden space 32768K, 100% used [0x00000000d6200000,0x00000000d8200000,0x00000000d8200000)
  from space 5120K, 99% used [0x00000000d8700000,0x00000000d8bf8ee8,0x00000000d8c00000)
  to   space 5120K, 0% used [0x00000000d8200000,0x00000000d8200000,0x00000000d8700000)
 ParOldGen       total 86016K, used 661K [0x0000000082600000, 0x0000000087a00000, 0x00000000d6200000)
  object space 86016K, 0% used [0x0000000082600000,0x00000000826a57f0,0x0000000087a00000)
 Metaspace       used 16784K, capacity 18058K, committed 18304K, reserved 1064960K
  class space    used 2156K, capacity 2391K, committed 2432K, reserved 1048576K
Event: 2.537 GC heap after
Heap after GC invocations=3 (full 0):
 PSYoungGen      total 37888K, used 5106K [0x00000000d6200000, 0x00000000d8c00000, 0x0000000100000000)
  eden space 32768K, 0% used [0x00000000d6200000,0x00000000d6200000,0x00000000d8200000)
  from space 5120K, 99% used [0x00000000d8200000,0x00000000d86fc8c8,0x00000000d8700000)
  to   space 5120K, 0% used [0x00000000d8700000,0x00000000d8700000,0x00000000d8c00000)
 ParOldGen       total 86016K, used 2495K [0x0000000082600000, 0x0000000087a00000, 0x00000000d6200000)
  object space 86016K, 2% used [0x0000000082600000,0x000000008286fe80,0x0000000087a00000)
 Metaspace       used 16784K, capacity 18058K, committed 18304K, reserved 1064960K
  class space    used 2156K, capacity 2391K, committed 2432K, reserved 1048576K
}
Event: 2.896 GC heap before
{Heap before GC invocations=4 (full 0):
 PSYoungGen      total 37888K, used 29689K [0x00000000d6200000, 0x00000000d8c00000, 0x0000000100000000)
  eden space 32768K, 75% used [0x00000000d6200000,0x00000000d7a01b78,0x00000000d8200000)
  from space 5120K, 99% used [0x00000000d8200000,0x00000000d86fc8c8,0x00000000d8700000)
  to   space 5120K, 0% used [0x00000000d8700000,0x00000000d8700000,0x00000000d8c00000)
 ParOldGen       total 86016K, used 2495K [0x0000000082600000, 0x0000000087a00000, 0x00000000d6200000)
  object space 86016K, 2% used [0x0000000082600000,0x000000008286fe80,0x0000000087a00000)
 Metaspace       used 19920K, capacity 21194K, committed 21248K, reserved 1067008K
  class space    used 2545K, capacity 2807K, committed 2816K, reserved 1048576K
Event: 2.904 GC heap after
Heap after GC invocations=4 (full 0):
 PSYoungGen      total 37888K, used 5097K [0x00000000d6200000, 0x00000000d8c00000, 0x0000000100000000)
  eden space 32768K, 0% used [0x00000000d6200000,0x00000000d6200000,0x00000000d8200000)
  from space 5120K, 99% used [0x00000000d8700000,0x00000000d8bfa5b0,0x00000000d8c00000)
  to   space 5120K, 0% used [0x00000000d8200000,0x00000000d8200000,0x00000000d8700000)
 ParOldGen       total 86016K, used 4942K [0x0000000082600000, 0x0000000087a00000, 0x00000000d6200000)
  object space 86016K, 5% used [0x0000000082600000,0x0000000082ad3bb8,0x0000000087a00000)
 Metaspace       used 19920K, capacity 21194K, committed 21248K, reserved 1067008K
  class space    used 2545K, capacity 2807K, committed 2816K, reserved 1048576K
}
Event: 2.904 GC heap before
{Heap before GC invocations=5 (full 1):
 PSYoungGen      total 37888K, used 5097K [0x00000000d6200000, 0x00000000d8c00000, 0x0000000100000000)
  eden space 32768K, 0% used [0x00000000d6200000,0x00000000d6200000,0x00000000d8200000)
  from space 5120K, 99% used [0x00000000d8700000,0x00000000d8bfa5b0,0x00000000d8c00000)
  to   space 5120K, 0% used [0x00000000d8200000,0x00000000d8200000,0x00000000d8700000)
 ParOldGen       total 86016K, used 4942K [0x0000000082600000, 0x0000000087a00000, 0x00000000d6200000)
  object space 86016K, 5% used [0x0000000082600000,0x0000000082ad3bb8,0x0000000087a00000)
 Metaspace       used 19920K, capacity 21194K, committed 21248K, reserved 1067008K
  class space    used 2545K, capacity 2807K, committed 2816K, reserved 1048576K
Event: 2.942 GC heap after
Heap after GC invocations=5 (full 1):
 PSYoungGen      total 37888K, used 0K [0x00000000d6200000, 0x00000000d8c00000, 0x0000000100000000)
  eden space 32768K, 0% used [0x00000000d6200000,0x00000000d6200000,0x00000000d8200000)
  from space 5120K, 0% used [0x00000000d8700000,0x00000000d8700000,0x00000000d8c00000)
  to   space 5120K, 0% used [0x00000000d8200000,0x00000000d8200000,0x00000000d8700000)
 ParOldGen       total 59904K, used 7361K [0x0000000082600000, 0x0000000086080000, 0x00000000d6200000)
  object space 59904K, 12% used [0x0000000082600000,0x0000000082d30588,0x0000000086080000)
 Metaspace       used 19920K, capacity 21194K, committed 21248K, reserved 1067008K
  class space    used 2545K, capacity 2807K, committed 2816K, reserved 1048576K
}
Event: 3.268 GC heap before
{Heap before GC invocations=6 (full 1):
 PSYoungGen      total 37888K, used 32768K [0x00000000d6200000, 0x00000000d8c00000, 0x0000000100000000)
  eden space 32768K, 100% used [0x00000000d6200000,0x00000000d8200000,0x00000000d8200000)
  from space 5120K, 0% used [0x00000000d8700000,0x00000000d8700000,0x00000000d8c00000)
  to   space 5120K, 0% used [0x00000000d8200000,0x00000000d8200000,0x00000000d8700000)
 ParOldGen       total 59904K, used 7361K [0x0000000082600000, 0x0000000086080000, 0x00000000d6200000)
  object space 59904K, 12% used [0x0000000082600000,0x0000000082d30588,0x0000000086080000)
 Metaspace       used 21922K, capacity 23332K, committed 23424K, reserved 1069056K
  class space    used 2846K, capacity 3126K, committed 3200K, reserved 1048576K
Event: 3.271 GC heap after
Heap after GC invocations=6 (full 1):
 PSYoungGen      total 37888K, used 3736K [0x00000000d6200000, 0x00000000d8c00000, 0x0000000100000000)
  eden space 32768K, 0% used [0x00000000d6200000,0x00000000d6200000,0x00000000d8200000)
  from space 5120K, 72% used [0x00000000d8200000,0x00000000d85a6390,0x00000000d8700000)
  to   space 5120K, 0% used [0x00000000d8700000,0x00000000d8700000,0x00000000d8c00000)
 ParOldGen       total 59904K, used 7369K [0x0000000082600000, 0x0000000086080000, 0x00000000d6200000)
  object space 59904K, 12% used [0x0000000082600000,0x0000000082d32588,0x0000000086080000)
 Metaspace       used 21922K, capacity 23332K, committed 23424K, reserved 1069056K
  class space    used 2846K, capacity 3126K, committed 3200K, reserved 1048576K
}
Event: 3.827 GC heap before
{Heap before GC invocations=7 (full 1):
 PSYoungGen      total 37888K, used 36504K [0x00000000d6200000, 0x00000000d8c00000, 0x0000000100000000)
  eden space 32768K, 100% used [0x00000000d6200000,0x00000000d8200000,0x00000000d8200000)
  from space 5120K, 72% used [0x00000000d8200000,0x00000000d85a6390,0x00000000d8700000)
  to   space 5120K, 0% used [0x00000000d8700000,0x00000000d8700000,0x00000000d8c00000)
 ParOldGen       total 59904K, used 7369K [0x0000000082600000, 0x0000000086080000, 0x00000000d6200000)
  object space 59904K, 12% used [0x0000000082600000,0x0000000082d32588,0x0000000086080000)
 Metaspace       used 23219K, capacity 24766K, committed 24832K, reserved 1071104K
  class space    used 2996K, capacity 3289K, committed 3328K, reserved 1048576K
Event: 3.831 GC heap after
Heap after GC invocations=7 (full 1):
 PSYoungGen      total 37888K, used 3183K [0x00000000d6200000, 0x00000000d8c00000, 0x0000000100000000)
  eden space 32768K, 0% used [0x00000000d6200000,0x00000000d6200000,0x00000000d8200000)
  from space 5120K, 62% used [0x00000000d8700000,0x00000000d8a1bd38,0x00000000d8c00000)
  to   space 5120K, 0% used [0x00000000d8200000,0x00000000d8200000,0x00000000d8700000)
 ParOldGen       total 59904K, used 7377K [0x0000000082600000, 0x0000000086080000, 0x00000000d6200000)
  object space 59904K, 12% used [0x0000000082600000,0x0000000082d34588,0x0000000086080000)
 Metaspace       used 23219K, capacity 24766K, committed 24832K, reserved 1071104K
  class space    used 2996K, capacity 3289K, committed 3328K, reserved 1048576K
}

Deoptimization events (10 events):
Event: 2.262 Thread 0x000001ec8c093000 Uncommon trap: reason=unstable_if action=reinterpret pc=0x000001ec8db6d380 method=java.lang.CharacterData.of(I)Ljava/lang/CharacterData; @ 4
Event: 2.626 Thread 0x000001ec8c093000 Uncommon trap: reason=unstable_if action=reinterpret pc=0x000001ec8dbcbefc method=java.util.HashMap.hash(Ljava/lang/Object;)I @ 1
Event: 2.626 Thread 0x000001ec8c093000 Uncommon trap: reason=unstable_if action=reinterpret pc=0x000001ec8db9c358 method=sun.nio.cs.UTF_8$Encoder.encode([CII[B)I @ 33
Event: 2.832 Thread 0x000001ec8c093000 Uncommon trap: reason=unstable_if action=reinterpret pc=0x000001ec8de49528 method=java.util.concurrent.ConcurrentHashMap.putVal(Ljava/lang/Object;Ljava/lang/Object;Z)Ljava/lang/Object; @ 206
Event: 3.063 Thread 0x000001eca362c800 Uncommon trap: reason=unstable_if action=reinterpret pc=0x000001ec8dc84524 method=jdk.internal.org.objectweb.asm.Type.getArgumentsAndReturnSizes(Ljava/lang/String;)I @ 47
Event: 3.517 Thread 0x000001ec8c093000 Uncommon trap: reason=predicate action=maybe_recompile pc=0x000001ec8e0417d0 method=java.util.AbstractCollection.toArray([Ljava/lang/Object;)[Ljava/lang/Object; @ 49
Event: 3.611 Thread 0x000001ec8c093000 Uncommon trap: reason=array_check action=maybe_recompile pc=0x000001ec8e06fc84 method=java.util.AbstractCollection.toArray([Ljava/lang/Object;)[Ljava/lang/Object; @ 119
Event: 3.612 Thread 0x000001ec8c093000 Uncommon trap: reason=array_check action=maybe_recompile pc=0x000001ec8e06fc84 method=java.util.AbstractCollection.toArray([Ljava/lang/Object;)[Ljava/lang/Object; @ 119
Event: 3.613 Thread 0x000001ec8c093000 Uncommon trap: reason=array_check action=maybe_recompile pc=0x000001ec8e06fc84 method=java.util.AbstractCollection.toArray([Ljava/lang/Object;)[Ljava/lang/Object; @ 119
Event: 3.613 Thread 0x000001ec8c093000 Uncommon trap: reason=array_check action=maybe_recompile pc=0x000001ec8e06fc84 method=java.util.AbstractCollection.toArray([Ljava/lang/Object;)[Ljava/lang/Object; @ 119

Classes redefined (0 events):
No events

Internal exceptions (10 events):
Event: 2.952 Thread 0x000001ec8c093000 Exception <a 'java/lang/ClassNotFoundException': org/springframework/context/ResourceLoaderAwareCustomizer> (0x00000000d637e6d8) thrown at [C:\jenkins\workspace\8-2-build-windows-amd64-cygwin\jdk8u261\295\hotspot\src\share\vm\classfile\systemDictionary.cp
Event: 2.953 Thread 0x000001ec8c093000 Exception <a 'java/lang/ClassNotFoundException': org/springframework/beans/factory/AwareCustomizer> (0x00000000d6396700) thrown at [C:\jenkins\workspace\8-2-build-windows-amd64-cygwin\jdk8u261\295\hotspot\src\share\vm\classfile\systemDictionary.cpp, line 
Event: 2.954 Thread 0x000001ec8c093000 Exception <a 'java/lang/ClassNotFoundException': org/springframework/beans/factory/BeanClassLoaderAwareCustomizer> (0x00000000d63e7058) thrown at [C:\jenkins\workspace\8-2-build-windows-amd64-cygwin\jdk8u261\295\hotspot\src\share\vm\classfile\systemDictio
Event: 2.955 Thread 0x000001ec8c093000 Exception <a 'java/lang/ClassNotFoundException': org/springframework/beans/factory/AwareCustomizer> (0x00000000d63ff110) thrown at [C:\jenkins\workspace\8-2-build-windows-amd64-cygwin\jdk8u261\295\hotspot\src\share\vm\classfile\systemDictionary.cpp, line 
Event: 2.956 Thread 0x000001ec8c093000 Exception <a 'java/lang/ClassNotFoundException': org/springframework/context/EnvironmentAwareCustomizer> (0x00000000d64177b8) thrown at [C:\jenkins\workspace\8-2-build-windows-amd64-cygwin\jdk8u261\295\hotspot\src\share\vm\classfile\systemDictionary.cpp, 
Event: 2.956 Thread 0x000001ec8c093000 Exception <a 'java/lang/ClassNotFoundException': org/springframework/beans/factory/AwareCustomizer> (0x00000000d642f750) thrown at [C:\jenkins\workspace\8-2-build-windows-amd64-cygwin\jdk8u261\295\hotspot\src\share\vm\classfile\systemDictionary.cpp, line 
Event: 3.070 Thread 0x000001eca362c800 Exception <a 'java/lang/IncompatibleClassChangeError': Found class java.lang.Object, but interface was expected> (0x00000000d7679f98) thrown at [C:\jenkins\workspace\8-2-build-windows-amd64-cygwin\jdk8u261\295\hotspot\src\share\vm\interpreter\linkResolver
Event: 3.133 Thread 0x000001ec8c093000 Exception <a 'java/lang/IncompatibleClassChangeError': Found class java.lang.Object, but interface was expected> (0x00000000d7a71f70) thrown at [C:\jenkins\workspace\8-2-build-windows-amd64-cygwin\jdk8u261\295\hotspot\src\share\vm\interpreter\linkResolver
Event: 3.195 Thread 0x000001ec8c093000 Exception <a 'java/lang/NoSuchMethodError': java.lang.Object.lambda$getAllAnnotationAttributes$0(Lorg/springframework/util/MultiValueMap;)Lorg/springframework/util/MultiValueMap;> (0x00000000d7d52c10) thrown at [C:\jenkins\workspace\8-2-build-windows-amd6
Event: 3.195 Thread 0x000001ec8c093000 Exception <a 'java/lang/NoSuchMethodError': java.lang.Object.lambda$identity$2(Ljava/lang/Object;)Ljava/lang/Object;> (0x00000000d7d56ce8) thrown at [C:\jenkins\workspace\8-2-build-windows-amd64-cygwin\jdk8u261\295\hotspot\src\share\vm\interpreter\linkRes

Events (10 events):
Event: 4.064 loading class org/springframework/jdbc/core/namedparam/NamedParameterJdbcTemplate
Event: 4.064 loading class org/springframework/jdbc/core/namedparam/NamedParameterJdbcTemplate done
Event: 4.066 loading class org/springframework/boot/autoconfigure/jdbc/JdbcTemplateAutoConfiguration
Event: 4.066 loading class org/springframework/boot/autoconfigure/jdbc/JdbcTemplateAutoConfiguration done
Event: 4.066 loading class org/springframework/boot/autoconfigure/task/TaskSchedulingAutoConfiguration
Event: 4.066 loading class org/springframework/boot/autoconfigure/task/TaskSchedulingAutoConfiguration done
Event: 4.071 loading class org/springframework/boot/autoconfigure/jdbc/DataSourceTransactionManagerAutoConfiguration$DataSourceTransactionManagerConfiguration
Event: 4.071 loading class org/springframework/boot/autoconfigure/jdbc/DataSourceTransactionManagerAutoConfiguration$DataSourceTransactionManagerConfiguration done
Event: 4.073 loading class org/springframework/jdbc/datasource/DataSourceTransactionManager
Event: 4.073 loading class org/springframework/jdbc/datasource/DataSourceTransactionManager done


Dynamic libraries:
0x00007ff7c0c50000 - 0x00007ff7c0c97000 	D:\JDK\jdk1.8\bin\java.exe
0x00007ffb57660000 - 0x00007ffb57850000 	C:\WINDOWS\SYSTEM32\ntdll.dll
0x00007ffb57560000 - 0x00007ffb57612000 	C:\WINDOWS\System32\KERNEL32.DLL
0x00007ffb547d0000 - 0x00007ffb54a75000 	C:\WINDOWS\System32\KERNELBASE.dll
0x00007ffb557b0000 - 0x00007ffb55853000 	C:\WINDOWS\System32\ADVAPI32.dll
0x00007ffb55710000 - 0x00007ffb557ae000 	C:\WINDOWS\System32\msvcrt.dll
0x00007ffb55a40000 - 0x00007ffb55ad7000 	C:\WINDOWS\System32\sechost.dll
0x00007ffb55b60000 - 0x00007ffb55c80000 	C:\WINDOWS\System32\RPCRT4.dll
0x00007ffb568f0000 - 0x00007ffb56a85000 	C:\WINDOWS\System32\USER32.dll
0x00007ffb54f60000 - 0x00007ffb54f81000 	C:\WINDOWS\System32\win32u.dll
0x00007ffb56430000 - 0x00007ffb56456000 	C:\WINDOWS\System32\GDI32.dll
0x00007ffb54d70000 - 0x00007ffb54f06000 	C:\WINDOWS\System32\gdi32full.dll
0x00007ffb54730000 - 0x00007ffb547ce000 	C:\WINDOWS\System32\msvcp_win.dll
0x00007ffb54c70000 - 0x00007ffb54d6a000 	C:\WINDOWS\System32\ucrtbase.dll
0x00007ffb46b90000 - 0x00007ffb46e14000 	C:\WINDOWS\WinSxS\amd64_microsoft.windows.common-controls_6595b64144ccf1df_6.0.18362.1082_none_9e8193e1e45b25c1\COMCTL32.dll
0x00007ffb56b70000 - 0x00007ffb56ea5000 	C:\WINDOWS\System32\combase.dll
0x00007ffb54bd0000 - 0x00007ffb54c50000 	C:\WINDOWS\System32\bcryptPrimitives.dll
0x00007ffb57530000 - 0x00007ffb5755e000 	C:\WINDOWS\System32\IMM32.DLL
0x00007ffb4fff0000 - 0x00007ffb50005000 	D:\JDK\jdk1.8\jre\bin\vcruntime140.dll
0x00007ffb4adb0000 - 0x00007ffb4ae4b000 	D:\JDK\jdk1.8\jre\bin\msvcp140.dll
0x00000000586d0000 - 0x0000000058f3c000 	D:\JDK\jdk1.8\jre\bin\server\jvm.dll
0x00007ffb56690000 - 0x00007ffb56698000 	C:\WINDOWS\System32\PSAPI.DLL
0x00007ffb4be90000 - 0x00007ffb4be99000 	C:\WINDOWS\SYSTEM32\WSOCK32.dll
0x00007ffb566a0000 - 0x00007ffb5670f000 	C:\WINDOWS\System32\WS2_32.dll
0x00007ffb4aee0000 - 0x00007ffb4af04000 	C:\WINDOWS\SYSTEM32\WINMM.dll
0x00007ffb54090000 - 0x00007ffb5409a000 	C:\WINDOWS\SYSTEM32\VERSION.dll
0x00007ffb4aeb0000 - 0x00007ffb4aedd000 	C:\WINDOWS\SYSTEM32\WINMMBASE.dll
0x00007ffb54f10000 - 0x00007ffb54f5a000 	C:\WINDOWS\System32\cfgmgr32.dll
0x00007ffb54530000 - 0x00007ffb54541000 	C:\WINDOWS\System32\kernel.appcore.dll
0x00007ffb509c0000 - 0x00007ffb509d0000 	D:\JDK\jdk1.8\jre\bin\verify.dll
0x00007ffb4eed0000 - 0x00007ffb4eefb000 	D:\JDK\jdk1.8\jre\bin\java.dll
0x00007ffb4d9f0000 - 0x00007ffb4da22000 	D:\JDK\jdk1.8\jre\bin\instrument.dll
0x00007ffb4fd10000 - 0x00007ffb4fd28000 	D:\JDK\jdk1.8\jre\bin\zip.dll
0x00007ffb55c80000 - 0x00007ffb56367000 	C:\WINDOWS\System32\SHELL32.dll
0x00007ffb56370000 - 0x00007ffb56419000 	C:\WINDOWS\System32\shcore.dll
0x00007ffb54f90000 - 0x00007ffb55710000 	C:\WINDOWS\System32\windows.storage.dll
0x00007ffb54550000 - 0x00007ffb54573000 	C:\WINDOWS\System32\profapi.dll
0x00007ffb545a0000 - 0x00007ffb545ea000 	C:\WINDOWS\System32\powrprof.dll
0x00007ffb54520000 - 0x00007ffb54530000 	C:\WINDOWS\System32\UMPDC.dll
0x00007ffb56610000 - 0x00007ffb56662000 	C:\WINDOWS\System32\shlwapi.dll
0x00007ffb54c50000 - 0x00007ffb54c67000 	C:\WINDOWS\System32\cryptsp.dll
0x00007ffb4eaf0000 - 0x00007ffb4eb0a000 	D:\IntelliJ IDEA 2020.2.1\bin\breakgen64.dll
0x00007ffb4f270000 - 0x00007ffb4f28c000 	D:\JDK\jdk1.8\jre\bin\net.dll
0x00007ffb53c90000 - 0x00007ffb53cf7000 	C:\WINDOWS\system32\mswsock.dll
0x00007ffb4efa0000 - 0x00007ffb4efb3000 	D:\JDK\jdk1.8\jre\bin\nio.dll
0x00007ffb4fcc0000 - 0x00007ffb4fccd000 	D:\JDK\jdk1.8\jre\bin\management.dll
0x00007ffb48a70000 - 0x00007ffb48a86000 	C:\WINDOWS\system32\napinsp.dll
0x00007ffb48a50000 - 0x00007ffb48a6a000 	C:\WINDOWS\system32\pnrpnsp.dll
0x00007ffb539e0000 - 0x00007ffb53aab000 	C:\WINDOWS\SYSTEM32\DNSAPI.dll
0x00007ffb55b50000 - 0x00007ffb55b58000 	C:\WINDOWS\System32\NSI.dll
0x00007ffb539a0000 - 0x00007ffb539da000 	C:\WINDOWS\SYSTEM32\IPHLPAPI.DLL
0x00007ffb48b20000 - 0x00007ffb48b2e000 	C:\WINDOWS\System32\winrnr.dll
0x00007ffb4fbd0000 - 0x00007ffb4fbec000 	C:\WINDOWS\system32\NLAapi.dll
0x00007ffb48b00000 - 0x00007ffb48b15000 	C:\WINDOWS\system32\wshbth.dll
0x00007ffb4c630000 - 0x00007ffb4c63a000 	C:\Windows\System32\rasadhlp.dll
0x00007ffb4cac0000 - 0x00007ffb4cb37000 	C:\WINDOWS\System32\fwpuclnt.dll
0x00007ffb54650000 - 0x00007ffb54676000 	C:\WINDOWS\System32\bcrypt.dll
0x00007ffb52d90000 - 0x00007ffb52f84000 	C:\WINDOWS\SYSTEM32\dbghelp.dll

VM Arguments:
jvm_args: -Dvisualvm.id=16580631308500 -ea -Didea.test.cyclic.buffer.size=1048576 -javaagent:D:\IntelliJ IDEA 2020.2.1\lib\idea_rt.jar=55057:D:\IntelliJ IDEA 2020.2.1\bin -Dfile.encoding=UTF-8 
java_command: com.intellij.rt.junit.JUnitStarter -ideVersion5 -junit5 com.yehong.library.Service.BorrowBooksTest,borrowBooks
java_class_path (initial): D:\IntelliJ IDEA 2020.2.1\lib\idea_rt.jar;C:\Users\lenovo\.m2\repository\org\junit\platform\junit-platform-launcher\1.6.2\junit-platform-launcher-1.6.2.jar;C:\Users\lenovo\.m2\repository\org\apiguardian\apiguardian-api\1.1.0\apiguardian-api-1.1.0.jar;C:\Users\lenovo\.m2\repository\org\junit\platform\junit-platform-engine\1.6.2\junit-platform-engine-1.6.2.jar;C:\Users\lenovo\.m2\repository\org\opentest4j\opentest4j\1.2.0\opentest4j-1.2.0.jar;C:\Users\lenovo\.m2\repository\org\junit\platform\junit-platform-commons\1.6.2\junit-platform-commons-1.6.2.jar;D:\IntelliJ IDEA 2020.2.1\plugins\junit\lib\junit5-rt.jar;D:\IntelliJ IDEA 2020.2.1\plugins\junit\lib\junit-rt.jar;D:\JDK\jdk1.8\jre\lib\charsets.jar;D:\JDK\jdk1.8\jre\lib\deploy.jar;D:\JDK\jdk1.8\jre\lib\ext\access-bridge-64.jar;D:\JDK\jdk1.8\jre\lib\ext\cldrdata.jar;D:\JDK\jdk1.8\jre\lib\ext\dnsns.jar;D:\JDK\jdk1.8\jre\lib\ext\jaccess.jar;D:\JDK\jdk1.8\jre\lib\ext\jfxrt.jar;D:\JDK\jdk1.8\jre\lib\ext\localedata.jar;D:\JDK\jdk1.8\jre\lib\ext\nashorn.jar;D:\JDK\jdk1.8\jre\lib\ext\sunec.jar;D:\JDK\jdk1.8\jre\lib\ext\sunjce_provider.jar;D:\JDK\jdk1.8\jre\lib\ext\sunmscapi.jar;D:\JDK\jdk1.8\jre\lib\ext\sunpkcs11.jar;D:\JDK\jdk1.8\jre\lib\ext\zipfs.jar;D:\JDK\jdk1.8\jre\lib\javaws.jar;D:\JDK\jdk1.8\jre\lib\jce.jar;D:\JDK\jdk1.8\jre\lib\jfr.jar;D:\JDK\jdk1.8\jre\lib\jfxswt.jar;D:\JDK\jdk1.8\jre\lib\jsse.jar;D:\JDK\jdk1.8\jre\lib\management-agent.jar;D:\JDK\jdk1.8\jre\lib\plugin.jar;D:\JDK\jdk1.8\jre\lib\resources.jar;D:\JDK\jdk1.8\jre\lib\rt.jar;D:\IDEAProject\library\target\test-classes;D:\IDEAProject\library\target\classes;D:\maven\repository\org\springframework\boot\spring-boot-starter-web\2.3.3.RELEASE\spring-boot-starter-web-2.3.3.RELEASE.jar;D:\maven\repository\org\springframework\boot\spring-boot-starter\2.3.3.RELEASE\spring-boot-starter-2.3.3.RELEASE.jar;D:\maven\repository\org\springframework\boot\spring-boot\2.3.3.RELEASE\spring-boot-2.3.3.RELEASE.jar;D:\maven\repository\org\springframew
Launcher Type: SUN_STANDARD

Environment Variables:
JAVA_HOME=D:\JDK\jdk1.8
CLASSPATH=.;D:\JDK\jdk1.8\lib;D:\JDK\jdk1.8\lib\dt.jar;D:\JDK\jdk1.8\lib\tools.jar
PATH=C:\Program Files (x86)\Common Files\Oracle\Java\javapath;D:\JDK\jdk1.8\bin;C:\WINDOWS\system32;C:\WINDOWS;C:\WINDOWS\System32\Wbem;C:\WINDOWS\System32\WindowsPowerShell\v1.0\;C:\WINDOWS\System32\OpenSSH\;C:\Program Files\dotnet\;C:\Program Files\Microsoft SQL Server\130\Tools\Binn\;C:\Program Files\nodejs\;C:\Program Files\Git\cmd;C:\Users\lenovo\mysql-5.7.31-winx64\mysql-5.7.31-winx64\bin;C:\Users\lenovo\mysql\mysql-5.7.31-winx64\bin;C:\Spring\spring-2.3.3.RELEASE\bin;%GRADLE_HOME%\bin;C:\Program Files\7-Zip;D:\maven\bin;D:\gradle-6.3\bin;C:\WINDOWS\system32;C:\WINDOWS;C:\WINDOWS\System32\Wbem;C:\WINDOWS\System32\WindowsPowerShell\v1.0\;C:\WINDOWS\System32\OpenSSH\;C:\Program Files\dotnet\;C:\Program Files\Microsoft SQL Server\130\Tools\Binn\;C:\Users\lenovo\AppData\Local\Microsoft\WindowsApps;C:\Program Files\Git;C:\Users\lenovo\AppData\Roaming\npm;C:\Users\lenovo\Microsoft VS Code\bin;D:\download\eclipse;D:\IntelliJ IDEA 2020.2.1\bin;;
USERNAME=Ò¶ºè
OS=Windows_NT
PROCESSOR_IDENTIFIER=Intel64 Family 6 Model 142 Stepping 9, GenuineIntel



---------------  S Y S T E M  ---------------

OS: Windows 10.0 , 64 bit Build 18362 (10.0.18362.1082)

CPU:total 4 (initial active 4) (2 cores per cpu, 2 threads per core) family 6 model 142 stepping 9, cmov, cx8, fxsr, mmx, sse, sse2, sse3, ssse3, sse4.1, sse4.2, popcnt, avx, avx2, aes, clmul, erms, 3dnowpref, lzcnt, ht, tsc, tscinvbit, bmi1, bmi2, adx

Memory: 4k page, physical 8227212k(1036228k free), swap 8227212k(5128k free)

vm_info: Java HotSpot(TM) 64-Bit Server VM (25.261-b12) for windows-amd64 JRE (1.8.0_261-b12), built on Jun 18 2020 06:56:32 by "" with unknown MS VC++:1916

time: Fri Sep 11 15:54:50 2020
timezone: ?D1¨²¡À¨º¡Á?¨º¡À??
elapsed time: 4 seconds (0d 0h 0m 4s)

