#
# There is insufficient memory for the Java Runtime Environment to continue.
# Native memory allocation (malloc) failed to allocate 795296 bytes for Chunk::new
# Possible reasons:
#   The system is out of physical RAM or swap space
#   The process is running with CompressedOops enabled, and the Java Heap may be blocking the growth of the native heap
# Possible solutions:
#   Reduce memory load on the system
#   Increase physical memory or swap space
#   Check if swap backing store is full
#   Decrease Java heap size (-Xmx/-Xms)
#   Decrease number of Java threads
#   Decrease Java thread stack sizes (-Xss)
#   Set larger code cache with -XX:ReservedCodeCacheSize=
#   JVM is running with Unscaled Compressed Oops mode in which the Java heap is
#     placed in the first 4GB address space. The Java Heap base address is the
#     maximum limit for the native heap growth. Please use -XX:HeapBaseMinAddress
#     to set the Java Heap base and to place the Java Heap above 4GB virtual address.
# This output file may be truncated or incomplete.
#
#  Out of Memory Error (allocation.cpp:389), pid=8568, tid=0x0000000000002090
#
# JRE version: Java(TM) SE Runtime Environment (8.0_261-b12) (build 1.8.0_261-b12)
# Java VM: Java HotSpot(TM) 64-Bit Server VM (25.261-b12 mixed mode windows-amd64 compressed oops)
# Failed to write core dump. Minidumps are not enabled by default on client versions of Windows
#

---------------  T H R E A D  ---------------

Current thread (0x0000020db03bc000):  JavaThread "C2 CompilerThread1" daemon [_thread_in_native, id=8336, stack(0x00000045a9800000,0x00000045a9900000)]

Stack: [0x00000045a9800000,0x00000045a9900000]
Native frames: (J=compiled Java code, j=interpreted, Vv=VM code, C=native code)
V  [jvm.dll+0x33e5f9]
V  [jvm.dll+0x2850e2]
V  [jvm.dll+0x285d8d]
V  [jvm.dll+0x27c895]
V  [jvm.dll+0xe4d6c]
V  [jvm.dll+0xe556c]
V  [jvm.dll+0x461812]
V  [jvm.dll+0x49cc3d]
V  [jvm.dll+0x45107e]
V  [jvm.dll+0x44eb84]
V  [jvm.dll+0x439bc7]
V  [jvm.dll+0xbbbcb]
V  [jvm.dll+0xba22b]
V  [jvm.dll+0x24d962]
V  [jvm.dll+0x2a1cfc]
C  [ucrtbase.dll+0x20e82]
C  [KERNEL32.DLL+0x17bd4]
C  [ntdll.dll+0x6ce51]


Current CompileTask:
C2:   4850 2640       4       java.net.URLClassLoader$1::run (5 bytes)


---------------  P R O C E S S  ---------------

Java Threads: ( => current thread )
  0x0000020db03d4000 JavaThread "Service Thread" daemon [_thread_blocked, id=6024, stack(0x00000045a9a00000,0x00000045a9b00000)]
  0x0000020db03cf800 JavaThread "C1 CompilerThread2" daemon [_thread_blocked, id=8752, stack(0x00000045a9900000,0x00000045a9a00000)]
=>0x0000020db03bc000 JavaThread "C2 CompilerThread1" daemon [_thread_in_native, id=8336, stack(0x00000045a9800000,0x00000045a9900000)]
  0x0000020db0369000 JavaThread "C2 CompilerThread0" daemon [_thread_in_native, id=756, stack(0x00000045a9700000,0x00000045a9800000)]
  0x0000020db0367800 JavaThread "Monitor Ctrl-Break" daemon [_thread_in_native, id=8396, stack(0x00000045a9600000,0x00000045a9700000)]
  0x0000020db0346800 JavaThread "Attach Listener" daemon [_thread_blocked, id=8172, stack(0x00000045a9500000,0x00000045a9600000)]
  0x0000020db02f2800 JavaThread "Signal Dispatcher" daemon [_thread_blocked, id=5584, stack(0x00000045a9400000,0x00000045a9500000)]
  0x0000020db02ba800 JavaThread "Finalizer" daemon [_thread_blocked, id=2712, stack(0x00000045a9300000,0x00000045a9400000)]
  0x0000020db02b7000 JavaThread "Reference Handler" daemon [_thread_blocked, id=14344, stack(0x00000045a9200000,0x00000045a9300000)]
  0x0000020d9a304800 JavaThread "main" [_thread_in_vm, id=9892, stack(0x00000045a8c00000,0x00000045a8d00000)]

Other Threads:
  0x0000020db028c800 VMThread [stack: 0x00000045a9100000,0x00000045a9200000] [id=13096]
  0x0000020db14ca000 WatcherThread [stack: 0x00000045a9b00000,0x00000045a9c00000] [id=12352]

VM state:not at safepoint (normal execution)

VM Mutex/Monitor currently owned by a thread: None

heap address: 0x0000000082600000, size: 2010 MB, Compressed Oops mode: 32-bit
Narrow klass base: 0x0000000000000000, Narrow klass shift: 3
Compressed class space size: 1073741824 Address: 0x0000000100000000

Heap:
 PSYoungGen      total 57856K, used 7467K [0x00000000d6200000, 0x00000000da380000, 0x0000000100000000)
  eden space 48640K, 3% used [0x00000000d6200000,0x00000000d63b4f10,0x00000000d9180000)
  from space 9216K, 62% used [0x00000000d9180000,0x00000000d9715fb0,0x00000000d9a80000)
  to   space 8704K, 0% used [0x00000000d9b00000,0x00000000d9b00000,0x00000000da380000)
 ParOldGen       total 59392K, used 7606K [0x0000000082600000, 0x0000000086000000, 0x00000000d6200000)
  object space 59392K, 12% used [0x0000000082600000,0x0000000082d6d828,0x0000000086000000)
 Metaspace       used 26161K, capacity 27992K, committed 28160K, reserved 1073152K
  class space    used 3405K, capacity 3738K, committed 3840K, reserved 1048576K

Card table byte_map: [0x0000020daaf60000,0x0000020dab350000] byte_map_base: 0x0000020daab4d000

Marking Bits: (ParMarkBitMap*) 0x0000000072744fb0
 Begin Bits: [0x0000020dab5f0000, 0x0000020dad558000)
 End Bits:   [0x0000020dad558000, 0x0000020daf4c0000)

Polling page: 0x0000020d9bb70000

CodeCache: size=245760Kb used=9335Kb max_used=9335Kb free=236424Kb
 bounds [0x0000020d9bba0000, 0x0000020d9c4d0000, 0x0000020daaba0000]
 total_blobs=3079 nmethods=2701 adapters=290
 compilation: enabled

Compilation events (10 events):
Event: 4.804 Thread 0x0000020db03cf800 2669       3       sun.misc.ProxyGenerator$ProxyMethod::access$100 (5 bytes)
Event: 4.804 Thread 0x0000020db03cf800 nmethod 2669 0x0000020d9c4b07d0 code [0x0000020d9c4b0940, 0x0000020d9c4b0ab0]
Event: 4.804 Thread 0x0000020db03cf800 2671       3       sun.misc.ProxyGenerator::access$500 (6 bytes)
Event: 4.805 Thread 0x0000020db03cf800 nmethod 2671 0x0000020d9c4b0b90 code [0x0000020d9c4b0d00, 0x0000020d9c4b0e70]
Event: 4.805 Thread 0x0000020db03cf800 2672       3       sun.misc.ProxyGenerator::getMethodDescriptor (37 bytes)
Event: 4.805 Thread 0x0000020db03cf800 nmethod 2672 0x0000020d9c4b0f10 code [0x0000020d9c4b10e0, 0x0000020d9c4b18b0]
Event: 4.805 Thread 0x0000020db03cf800 2673       3       sun.misc.ProxyGenerator$ConstantPool::getInterfaceMethodRef (33 bytes)
Event: 4.806 Thread 0x0000020db03cf800 nmethod 2673 0x0000020d9c4b1b90 code [0x0000020d9c4b1e20, 0x0000020d9c4b2bd0]
Event: 4.806 Thread 0x0000020db03cf800 2674       1       sun.reflect.generics.reflectiveObjects.ParameterizedTypeImpl::getOwnerType (5 bytes)
Event: 4.806 Thread 0x0000020db03cf800 nmethod 2674 0x0000020d9c4b36d0 code [0x0000020d9c4b3820, 0x0000020d9c4b3938]

GC Heap History (10 events):
Event: 2.833 GC heap before
{Heap before GC invocations=3 (full 0):
 PSYoungGen      total 37888K, used 37861K [0x00000000d6200000, 0x00000000d8c00000, 0x0000000100000000)
  eden space 32768K, 100% used [0x00000000d6200000,0x00000000d8200000,0x00000000d8200000)
  from space 5120K, 99% used [0x00000000d8700000,0x00000000d8bf9580,0x00000000d8c00000)
  to   space 5120K, 0% used [0x00000000d8200000,0x00000000d8200000,0x00000000d8700000)
 ParOldGen       total 86016K, used 689K [0x0000000082600000, 0x0000000087a00000, 0x00000000d6200000)
  object space 86016K, 0% used [0x0000000082600000,0x00000000826ac4f8,0x0000000087a00000)
 Metaspace       used 16809K, capacity 18082K, committed 18304K, reserved 1064960K
  class space    used 2158K, capacity 2393K, committed 2432K, reserved 1048576K
Event: 2.848 GC heap after
Heap after GC invocations=3 (full 0):
 PSYoungGen      total 37888K, used 5093K [0x00000000d6200000, 0x00000000d8c00000, 0x0000000100000000)
  eden space 32768K, 0% used [0x00000000d6200000,0x00000000d6200000,0x00000000d8200000)
  from space 5120K, 99% used [0x00000000d8200000,0x00000000d86f97a0,0x00000000d8700000)
  to   space 5120K, 0% used [0x00000000d8700000,0x00000000d8700000,0x00000000d8c00000)
 ParOldGen       total 86016K, used 2583K [0x0000000082600000, 0x0000000087a00000, 0x00000000d6200000)
  object space 86016K, 3% used [0x0000000082600000,0x0000000082885f60,0x0000000087a00000)
 Metaspace       used 16809K, capacity 18082K, committed 18304K, reserved 1064960K
  class space    used 2158K, capacity 2393K, committed 2432K, reserved 1048576K
}
Event: 3.187 GC heap before
{Heap before GC invocations=4 (full 0):
 PSYoungGen      total 37888K, used 30092K [0x00000000d6200000, 0x00000000d8c00000, 0x0000000100000000)
  eden space 32768K, 76% used [0x00000000d6200000,0x00000000d7a69bb8,0x00000000d8200000)
  from space 5120K, 99% used [0x00000000d8200000,0x00000000d86f97a0,0x00000000d8700000)
  to   space 5120K, 0% used [0x00000000d8700000,0x00000000d8700000,0x00000000d8c00000)
 ParOldGen       total 86016K, used 2583K [0x0000000082600000, 0x0000000087a00000, 0x00000000d6200000)
  object space 86016K, 3% used [0x0000000082600000,0x0000000082885f60,0x0000000087a00000)
 Metaspace       used 19871K, capacity 21202K, committed 21248K, reserved 1067008K
  class space    used 2536K, capacity 2805K, committed 2816K, reserved 1048576K
Event: 3.197 GC heap after
Heap after GC invocations=4 (full 0):
 PSYoungGen      total 37888K, used 5114K [0x00000000d6200000, 0x00000000d8c00000, 0x0000000100000000)
  eden space 32768K, 0% used [0x00000000d6200000,0x00000000d6200000,0x00000000d8200000)
  from space 5120K, 99% used [0x00000000d8700000,0x00000000d8bfe9f8,0x00000000d8c00000)
  to   space 5120K, 0% used [0x00000000d8200000,0x00000000d8200000,0x00000000d8700000)
 ParOldGen       total 86016K, used 5278K [0x0000000082600000, 0x0000000087a00000, 0x00000000d6200000)
  object space 86016K, 6% used [0x0000000082600000,0x0000000082b27898,0x0000000087a00000)
 Metaspace       used 19871K, capacity 21202K, committed 21248K, reserved 1067008K
  class space    used 2536K, capacity 2805K, committed 2816K, reserved 1048576K
}
Event: 3.197 GC heap before
{Heap before GC invocations=5 (full 1):
 PSYoungGen      total 37888K, used 5114K [0x00000000d6200000, 0x00000000d8c00000, 0x0000000100000000)
  eden space 32768K, 0% used [0x00000000d6200000,0x00000000d6200000,0x00000000d8200000)
  from space 5120K, 99% used [0x00000000d8700000,0x00000000d8bfe9f8,0x00000000d8c00000)
  to   space 5120K, 0% used [0x00000000d8200000,0x00000000d8200000,0x00000000d8700000)
 ParOldGen       total 86016K, used 5278K [0x0000000082600000, 0x0000000087a00000, 0x00000000d6200000)
  object space 86016K, 6% used [0x0000000082600000,0x0000000082b27898,0x0000000087a00000)
 Metaspace       used 19871K, capacity 21202K, committed 21248K, reserved 1067008K
  class space    used 2536K, capacity 2805K, committed 2816K, reserved 1048576K
Event: 3.240 GC heap after
Heap after GC invocations=5 (full 1):
 PSYoungGen      total 37888K, used 0K [0x00000000d6200000, 0x00000000d8c00000, 0x0000000100000000)
  eden space 32768K, 0% used [0x00000000d6200000,0x00000000d6200000,0x00000000d8200000)
  from space 5120K, 0% used [0x00000000d8700000,0x00000000d8700000,0x00000000d8c00000)
  to   space 5120K, 0% used [0x00000000d8200000,0x00000000d8200000,0x00000000d8700000)
 ParOldGen       total 59392K, used 7582K [0x0000000082600000, 0x0000000086000000, 0x00000000d6200000)
  object space 59392K, 12% used [0x0000000082600000,0x0000000082d67828,0x0000000086000000)
 Metaspace       used 19871K, capacity 21202K, committed 21248K, reserved 1067008K
  class space    used 2536K, capacity 2805K, committed 2816K, reserved 1048576K
}
Event: 3.733 GC heap before
{Heap before GC invocations=6 (full 1):
 PSYoungGen      total 37888K, used 32768K [0x00000000d6200000, 0x00000000d8c00000, 0x0000000100000000)
  eden space 32768K, 100% used [0x00000000d6200000,0x00000000d8200000,0x00000000d8200000)
  from space 5120K, 0% used [0x00000000d8700000,0x00000000d8700000,0x00000000d8c00000)
  to   space 5120K, 0% used [0x00000000d8200000,0x00000000d8200000,0x00000000d8700000)
 ParOldGen       total 59392K, used 7582K [0x0000000082600000, 0x0000000086000000, 0x00000000d6200000)
  object space 59392K, 12% used [0x0000000082600000,0x0000000082d67828,0x0000000086000000)
 Metaspace       used 21966K, capacity 23434K, committed 23680K, reserved 1069056K
  class space    used 2860K, capacity 3159K, committed 3200K, reserved 1048576K
Event: 3.736 GC heap after
Heap after GC invocations=6 (full 1):
 PSYoungGen      total 37888K, used 3620K [0x00000000d6200000, 0x00000000da400000, 0x0000000100000000)
  eden space 32768K, 0% used [0x00000000d6200000,0x00000000d6200000,0x00000000d8200000)
  from space 5120K, 70% used [0x00000000d8200000,0x00000000d8589110,0x00000000d8700000)
  to   space 9216K, 0% used [0x00000000d9b00000,0x00000000d9b00000,0x00000000da400000)
 ParOldGen       total 59392K, used 7590K [0x0000000082600000, 0x0000000086000000, 0x00000000d6200000)
  object space 59392K, 12% used [0x0000000082600000,0x0000000082d69828,0x0000000086000000)
 Metaspace       used 21966K, capacity 23434K, committed 23680K, reserved 1069056K
  class space    used 2860K, capacity 3159K, committed 3200K, reserved 1048576K
}
Event: 4.168 GC heap before
{Heap before GC invocations=7 (full 1):
 PSYoungGen      total 37888K, used 36388K [0x00000000d6200000, 0x00000000da400000, 0x0000000100000000)
  eden space 32768K, 100% used [0x00000000d6200000,0x00000000d8200000,0x00000000d8200000)
  from space 5120K, 70% used [0x00000000d8200000,0x00000000d8589110,0x00000000d8700000)
  to   space 9216K, 0% used [0x00000000d9b00000,0x00000000d9b00000,0x00000000da400000)
 ParOldGen       total 59392K, used 7590K [0x0000000082600000, 0x0000000086000000, 0x00000000d6200000)
  object space 59392K, 12% used [0x0000000082600000,0x0000000082d69828,0x0000000086000000)
 Metaspace       used 23220K, capacity 24780K, committed 24832K, reserved 1071104K
  class space    used 3002K, capacity 3290K, committed 3328K, reserved 1048576K
Event: 4.172 GC heap after
Heap after GC invocations=7 (full 1):
 PSYoungGen      total 57344K, used 3280K [0x00000000d6200000, 0x00000000da380000, 0x0000000100000000)
  eden space 48640K, 0% used [0x00000000d6200000,0x00000000d6200000,0x00000000d9180000)
  from space 8704K, 37% used [0x00000000d9b00000,0x00000000d9e34288,0x00000000da380000)
  to   space 9216K, 0% used [0x00000000d9180000,0x00000000d9180000,0x00000000d9a80000)
 ParOldGen       total 59392K, used 7598K [0x0000000082600000, 0x0000000086000000, 0x00000000d6200000)
  object space 59392K, 12% used [0x0000000082600000,0x0000000082d6b828,0x0000000086000000)
 Metaspace       used 23220K, capacity 24780K, committed 24832K, reserved 1071104K
  class space    used 3002K, capacity 3290K, committed 3328K, reserved 1048576K
}

Deoptimization events (10 events):
Event: 4.560 Thread 0x0000020d9a304800 Uncommon trap: reason=unstable_if action=reinterpret pc=0x0000020d9c3759ec method=org.springframework.beans.factory.support.AbstractAutowireCapableBeanFactory.predictBeanType(Ljava/lang/String;Lorg/springframework/beans/factory/support/RootBeanDefinition;
Event: 4.577 Thread 0x0000020d9a304800 Uncommon trap: reason=unstable_if action=reinterpret pc=0x0000020d9c259b98 method=org.springframework.util.ConcurrentReferenceHashMap$Segment.findInChain(Lorg/springframework/util/ConcurrentReferenceHashMap$Reference;Ljava/lang/Object;I)Lorg/springframewo
Event: 4.634 Thread 0x0000020d9a304800 Uncommon trap: reason=class_check action=maybe_recompile pc=0x0000020d9c40465c method=java.util.concurrent.ConcurrentHashMap.putVal(Ljava/lang/Object;Ljava/lang/Object;Z)Ljava/lang/Object; @ 192
Event: 4.635 Thread 0x0000020d9a304800 Uncommon trap: reason=unstable_if action=reinterpret pc=0x0000020d9c1271f8 method=java.util.concurrent.ConcurrentHashMap.get(Ljava/lang/Object;)Ljava/lang/Object; @ 76
Event: 4.698 Thread 0x0000020d9a304800 Uncommon trap: reason=unstable_if action=reinterpret pc=0x0000020d9c4266f0 method=java.lang.reflect.Method.equals(Ljava/lang/Object;)Z @ 1
Event: 4.706 Thread 0x0000020d9a304800 Uncommon trap: reason=unstable_if action=reinterpret pc=0x0000020d9c25ef78 method=java.util.Arrays.equals([Ljava/lang/Object;[Ljava/lang/Object;)Z @ 65
Event: 4.706 Thread 0x0000020d9a304800 Uncommon trap: reason=unstable_if action=reinterpret pc=0x0000020d9c25c414 method=org.springframework.util.ConcurrentReferenceHashMap$Segment.findInChain(Lorg/springframework/util/ConcurrentReferenceHashMap$Reference;Ljava/lang/Object;I)Lorg/springframewo
Event: 4.706 Thread 0x0000020d9a304800 Uncommon trap: reason=unstable_if action=reinterpret pc=0x0000020d9c2231b4 method=org.springframework.util.ConcurrentReferenceHashMap$Segment.findInChain(Lorg/springframework/util/ConcurrentReferenceHashMap$Reference;Ljava/lang/Object;I)Lorg/springframewo
Event: 4.797 Thread 0x0000020d9a304800 Uncommon trap: reason=class_check action=maybe_recompile pc=0x0000020d9c40465c method=java.util.concurrent.ConcurrentHashMap.putVal(Ljava/lang/Object;Ljava/lang/Object;Z)Ljava/lang/Object; @ 192
Event: 4.810 Thread 0x0000020d9a304800 Uncommon trap: reason=null_check action=make_not_entrant pc=0x0000020d9c45a9e0 method=org.springframework.beans.factory.support.DefaultListableBeanFactory.getBeanDefinition(Ljava/lang/String;)Lorg/springframework/beans/factory/config/BeanDefinition; @ 10

Classes redefined (0 events):
No events

Internal exceptions (10 events):
Event: 4.756 Thread 0x0000020d9a304800 Exception <a 'java/lang/ClassNotFoundException': org/mybatis/spring/support/SqlSessionDaoSupportCustomizer> (0x00000000d8e58a18) thrown at [C:\jenkins\workspace\8-2-build-windows-amd64-cygwin\jdk8u261\295\hotspot\src\share\vm\classfile\systemDictionary.cp
Event: 4.756 Thread 0x0000020d9a304800 Exception <a 'java/lang/ClassNotFoundException': org/mybatis/spring/mapper/MapperFactoryBeanCustomizer> (0x00000000d8e78b00) thrown at [C:\jenkins\workspace\8-2-build-windows-amd64-cygwin\jdk8u261\295\hotspot\src\share\vm\classfile\systemDictionary.cpp, l
Event: 4.761 Thread 0x0000020d9a304800 Exception <a 'java/lang/ClassNotFoundException': org/springframework/beans/factory/FactoryBeanCustomizer> (0x00000000d8ebda30) thrown at [C:\jenkins\workspace\8-2-build-windows-amd64-cygwin\jdk8u261\295\hotspot\src\share\vm\classfile\systemDictionary.cpp,
Event: 4.762 Thread 0x0000020d9a304800 Exception <a 'java/lang/ClassNotFoundException': org/springframework/beans/factory/InitializingBeanCustomizer> (0x00000000d8edd078) thrown at [C:\jenkins\workspace\8-2-build-windows-amd64-cygwin\jdk8u261\295\hotspot\src\share\vm\classfile\systemDictionary
Event: 4.781 Thread 0x0000020d9a304800 Exception <a 'java/lang/ClassNotFoundException': com/baomidou/mybatisplus/autoconfigure/MybatisPlusPropertiesBeanInfo> (0x00000000d8fd5fc0) thrown at [C:\jenkins\workspace\8-2-build-windows-amd64-cygwin\jdk8u261\295\hotspot\src\share\vm\classfile\systemDi
Event: 4.781 Thread 0x0000020d9a304800 Exception <a 'java/lang/ClassNotFoundException': java/lang/ObjectBeanInfo> (0x00000000d8fde9f8) thrown at [C:\jenkins\workspace\8-2-build-windows-amd64-cygwin\jdk8u261\295\hotspot\src\share\vm\classfile\systemDictionary.cpp, line 210]
Event: 4.781 Thread 0x0000020d9a304800 Exception <a 'java/lang/ClassNotFoundException': java/lang/ObjectCustomizer> (0x00000000d8fe7370) thrown at [C:\jenkins\workspace\8-2-build-windows-amd64-cygwin\jdk8u261\295\hotspot\src\share\vm\classfile\systemDictionary.cpp, line 210]
Event: 4.795 Thread 0x0000020d9a304800 Exception <a 'java/lang/ClassNotFoundException': java/lang/ObjectCustomizer> (0x00000000d90801f0) thrown at [C:\jenkins\workspace\8-2-build-windows-amd64-cygwin\jdk8u261\295\hotspot\src\share\vm\classfile\systemDictionary.cpp, line 210]
Event: 4.796 Thread 0x0000020d9a304800 Exception <a 'java/lang/ClassNotFoundException': org/springframework/boot/context/properties/BoundConfigurationPropertiesCustomizer> (0x00000000d90a5160) thrown at [C:\jenkins\workspace\8-2-build-windows-amd64-cygwin\jdk8u261\295\hotspot\src\share\vm\clas
Event: 4.810 Thread 0x0000020d9a304800 Implicit null exception at 0x0000020d9c45a88b to 0x0000020d9c45a9d5

Events (10 events):
Event: 4.809 loading class org/springframework/boot/context/properties/ConversionServiceDeducer done
Event: 4.810 Thread 0x0000020d9a304800 Uncommon trap: trap_request=0xfffffff4 fr.pc=0x0000020d9c45a9e0
Event: 4.810 Thread 0x0000020d9a304800 DEOPT PACKING pc=0x0000020d9c45a9e0 sp=0x00000045a8cf9840
Event: 4.810 Thread 0x0000020d9a304800 DEOPT UNPACKING pc=0x0000020d9bbe5843 sp=0x00000045a8cf9778 mode 2
Event: 4.810 loading class org/springframework/core/NestedExceptionUtils
Event: 4.810 loading class org/springframework/core/NestedExceptionUtils done
Event: 4.811 loading class org/springframework/boot/context/properties/ConversionServiceDeducer$Factory
Event: 4.811 loading class org/springframework/boot/context/properties/ConversionServiceDeducer$Factory done
Event: 4.812 loading class org/springframework/beans/factory/annotation/BeanFactoryAnnotationUtils
Event: 4.812 loading class org/springframework/beans/factory/annotation/BeanFactoryAnnotationUtils done


Dynamic libraries:
0x00007ff7baf80000 - 0x00007ff7bafc7000 	D:\JDK\jdk1.8\bin\java.exe
0x00007ffedba00000 - 0x00007ffedbbf0000 	C:\WINDOWS\SYSTEM32\ntdll.dll
0x00007ffeda0c0000 - 0x00007ffeda172000 	C:\WINDOWS\System32\KERNEL32.DLL
0x00007ffed9500000 - 0x00007ffed97a5000 	C:\WINDOWS\System32\KERNELBASE.dll
0x00007ffedb740000 - 0x00007ffedb7e3000 	C:\WINDOWS\System32\ADVAPI32.dll
0x00007ffedaf00000 - 0x00007ffedaf9e000 	C:\WINDOWS\System32\msvcrt.dll
0x00007ffedb690000 - 0x00007ffedb727000 	C:\WINDOWS\System32\sechost.dll
0x00007ffed9fa0000 - 0x00007ffeda0c0000 	C:\WINDOWS\System32\RPCRT4.dll
0x00007ffedab90000 - 0x00007ffedad25000 	C:\WINDOWS\System32\USER32.dll
0x00007ffed9a30000 - 0x00007ffed9a51000 	C:\WINDOWS\System32\win32u.dll
0x00007ffedae00000 - 0x00007ffedae26000 	C:\WINDOWS\System32\GDI32.dll
0x00007ffed97b0000 - 0x00007ffed9946000 	C:\WINDOWS\System32\gdi32full.dll
0x00007ffed8990000 - 0x00007ffed8a2e000 	C:\WINDOWS\System32\msvcp_win.dll
0x00007ffed92b0000 - 0x00007ffed93aa000 	C:\WINDOWS\System32\ucrtbase.dll
0x00007ffecc900000 - 0x00007ffeccb84000 	C:\WINDOWS\WinSxS\amd64_microsoft.windows.common-controls_6595b64144ccf1df_6.0.18362.1082_none_9e8193e1e45b25c1\COMCTL32.dll
0x00007ffedb350000 - 0x00007ffedb685000 	C:\WINDOWS\System32\combase.dll
0x00007ffed99b0000 - 0x00007ffed9a30000 	C:\WINDOWS\System32\bcryptPrimitives.dll
0x00007ffedaa10000 - 0x00007ffedaa3e000 	C:\WINDOWS\System32\IMM32.DLL
0x00007ffed3cc0000 - 0x00007ffed3cd5000 	D:\JDK\jdk1.8\jre\bin\vcruntime140.dll
0x00007ffeced90000 - 0x00007ffecee2b000 	D:\JDK\jdk1.8\jre\bin\msvcp140.dll
0x0000000071f50000 - 0x00000000727bc000 	D:\JDK\jdk1.8\jre\bin\server\jvm.dll
0x00007ffeda310000 - 0x00007ffeda318000 	C:\WINDOWS\System32\PSAPI.DLL
0x00007ffed3650000 - 0x00007ffed3659000 	C:\WINDOWS\SYSTEM32\WSOCK32.dll
0x00007ffedad30000 - 0x00007ffedad9f000 	C:\WINDOWS\System32\WS2_32.dll
0x00007ffecf8c0000 - 0x00007ffecf8e4000 	C:\WINDOWS\SYSTEM32\WINMM.dll
0x00007ffecf890000 - 0x00007ffecf8bd000 	C:\WINDOWS\SYSTEM32\winmmbase.dll
0x00007ffed8430000 - 0x00007ffed843a000 	C:\WINDOWS\SYSTEM32\VERSION.dll
0x00007ffed8ae0000 - 0x00007ffed8b2a000 	C:\WINDOWS\System32\cfgmgr32.dll
0x00007ffed88d0000 - 0x00007ffed88e1000 	C:\WINDOWS\System32\kernel.appcore.dll
0x00007ffed5130000 - 0x00007ffed5140000 	D:\JDK\jdk1.8\jre\bin\verify.dll
0x00007ffeceef0000 - 0x00007ffecef1b000 	D:\JDK\jdk1.8\jre\bin\java.dll
0x00007ffec7c10000 - 0x00007ffec7c42000 	D:\JDK\jdk1.8\jre\bin\instrument.dll
0x00007ffed3ca0000 - 0x00007ffed3cb8000 	D:\JDK\jdk1.8\jre\bin\zip.dll
0x00007ffeda320000 - 0x00007ffedaa07000 	C:\WINDOWS\System32\SHELL32.dll
0x00007ffeda260000 - 0x00007ffeda309000 	C:\WINDOWS\System32\shcore.dll
0x00007ffed8b30000 - 0x00007ffed92b0000 	C:\WINDOWS\System32\windows.storage.dll
0x00007ffed8960000 - 0x00007ffed8983000 	C:\WINDOWS\System32\profapi.dll
0x00007ffed88f0000 - 0x00007ffed893a000 	C:\WINDOWS\System32\powrprof.dll
0x00007ffed88c0000 - 0x00007ffed88d0000 	C:\WINDOWS\System32\UMPDC.dll
0x00007ffedada0000 - 0x00007ffedadf2000 	C:\WINDOWS\System32\shlwapi.dll
0x00007ffed9a60000 - 0x00007ffed9a77000 	C:\WINDOWS\System32\cryptsp.dll
0x00007ffecfeb0000 - 0x00007ffecfeca000 	D:\IntelliJ IDEA 2020.2.1\bin\breakgen64.dll
0x00007ffed2d50000 - 0x00007ffed2d6c000 	D:\JDK\jdk1.8\jre\bin\net.dll
0x00007ffed8030000 - 0x00007ffed8097000 	C:\WINDOWS\system32\mswsock.dll
0x00007ffed0b80000 - 0x00007ffed0b93000 	D:\JDK\jdk1.8\jre\bin\nio.dll
0x00007ffed3f10000 - 0x00007ffed3f1d000 	D:\JDK\jdk1.8\jre\bin\management.dll
0x00007ffecb5e0000 - 0x00007ffecb5f6000 	C:\WINDOWS\system32\napinsp.dll
0x00007ffecb5c0000 - 0x00007ffecb5da000 	C:\WINDOWS\system32\pnrpnsp.dll
0x00007ffed7d80000 - 0x00007ffed7e4b000 	C:\WINDOWS\SYSTEM32\DNSAPI.dll
0x00007ffedb730000 - 0x00007ffedb738000 	C:\WINDOWS\System32\NSI.dll
0x00007ffed7d40000 - 0x00007ffed7d7a000 	C:\WINDOWS\SYSTEM32\IPHLPAPI.DLL
0x00007ffecb580000 - 0x00007ffecb58e000 	C:\WINDOWS\System32\winrnr.dll
0x00007ffed4f30000 - 0x00007ffed4f4c000 	C:\WINDOWS\system32\NLAapi.dll
0x00007ffecb560000 - 0x00007ffecb575000 	C:\WINDOWS\system32\wshbth.dll
0x00007ffeb9570000 - 0x00007ffeb967d000 	C:\WINDOWS\SysWOW64\ierd_tgp_lsp64.dll
0x00007ffedb860000 - 0x00007ffedb9b7000 	C:\WINDOWS\System32\ole32.dll
0x00007ffed0940000 - 0x00007ffed094a000 	C:\WINDOWS\system32\wshqos.dll
0x00007ffed0930000 - 0x00007ffed0938000 	C:\WINDOWS\SYSTEM32\wshtcpip.DLL
0x00007ffed0500000 - 0x00007ffed0508000 	C:\WINDOWS\SYSTEM32\wship6.dll
0x00007ffecfea0000 - 0x00007ffecfeaa000 	C:\Windows\System32\rasadhlp.dll
0x00007ffed0970000 - 0x00007ffed09e7000 	C:\WINDOWS\System32\fwpuclnt.dll
0x00007ffed9a80000 - 0x00007ffed9aa6000 	C:\WINDOWS\System32\bcrypt.dll
0x00007ffed6ff0000 - 0x00007ffed71e4000 	C:\WINDOWS\SYSTEM32\dbghelp.dll

VM Arguments:
jvm_args: -Dvisualvm.id=14782026716500 -ea -Didea.test.cyclic.buffer.size=1048576 -javaagent:D:\IntelliJ IDEA 2020.2.1\lib\idea_rt.jar=63012:D:\IntelliJ IDEA 2020.2.1\bin -Dfile.encoding=UTF-8 
java_command: com.intellij.rt.junit.JUnitStarter -ideVersion5 -junit5 com.yehong.library.controller.ListAllBookControllerTest,list
java_class_path (initial): D:\IntelliJ IDEA 2020.2.1\lib\idea_rt.jar;C:\Users\lenovo\.m2\repository\org\junit\platform\junit-platform-launcher\1.6.2\junit-platform-launcher-1.6.2.jar;C:\Users\lenovo\.m2\repository\org\apiguardian\apiguardian-api\1.1.0\apiguardian-api-1.1.0.jar;C:\Users\lenovo\.m2\repository\org\junit\platform\junit-platform-engine\1.6.2\junit-platform-engine-1.6.2.jar;C:\Users\lenovo\.m2\repository\org\opentest4j\opentest4j\1.2.0\opentest4j-1.2.0.jar;C:\Users\lenovo\.m2\repository\org\junit\platform\junit-platform-commons\1.6.2\junit-platform-commons-1.6.2.jar;D:\IntelliJ IDEA 2020.2.1\plugins\junit\lib\junit5-rt.jar;D:\IntelliJ IDEA 2020.2.1\plugins\junit\lib\junit-rt.jar;D:\JDK\jdk1.8\jre\lib\charsets.jar;D:\JDK\jdk1.8\jre\lib\deploy.jar;D:\JDK\jdk1.8\jre\lib\ext\access-bridge-64.jar;D:\JDK\jdk1.8\jre\lib\ext\cldrdata.jar;D:\JDK\jdk1.8\jre\lib\ext\dnsns.jar;D:\JDK\jdk1.8\jre\lib\ext\jaccess.jar;D:\JDK\jdk1.8\jre\lib\ext\jfxrt.jar;D:\JDK\jdk1.8\jre\lib\ext\localedata.jar;D:\JDK\jdk1.8\jre\lib\ext\nashorn.jar;D:\JDK\jdk1.8\jre\lib\ext\sunec.jar;D:\JDK\jdk1.8\jre\lib\ext\sunjce_provider.jar;D:\JDK\jdk1.8\jre\lib\ext\sunmscapi.jar;D:\JDK\jdk1.8\jre\lib\ext\sunpkcs11.jar;D:\JDK\jdk1.8\jre\lib\ext\zipfs.jar;D:\JDK\jdk1.8\jre\lib\javaws.jar;D:\JDK\jdk1.8\jre\lib\jce.jar;D:\JDK\jdk1.8\jre\lib\jfr.jar;D:\JDK\jdk1.8\jre\lib\jfxswt.jar;D:\JDK\jdk1.8\jre\lib\jsse.jar;D:\JDK\jdk1.8\jre\lib\management-agent.jar;D:\JDK\jdk1.8\jre\lib\plugin.jar;D:\JDK\jdk1.8\jre\lib\resources.jar;D:\JDK\jdk1.8\jre\lib\rt.jar;D:\IDEAProject\library\target\test-classes;D:\IDEAProject\library\target\classes;D:\maven\repository\org\springframework\boot\spring-boot-starter-web\2.3.3.RELEASE\spring-boot-starter-web-2.3.3.RELEASE.jar;D:\maven\repository\org\springframework\boot\spring-boot-starter\2.3.3.RELEASE\spring-boot-starter-2.3.3.RELEASE.jar;D:\maven\repository\org\springframework\boot\spring-boot\2.3.3.RELEASE\spring-boot-2.3.3.RELEASE.jar;D:\maven\repository\org\springframew
Launcher Type: SUN_STANDARD

Environment Variables:
JAVA_HOME=D:\JDK\jdk1.8
CLASSPATH=.;D:\JDK\jdk1.8\lib;D:\JDK\jdk1.8\lib\dt.jar;D:\JDK\jdk1.8\lib\tools.jar
PATH=C:\Program Files (x86)\Common Files\Oracle\Java\javapath;D:\JDK\jdk1.8\bin;C:\WINDOWS\system32;C:\WINDOWS;C:\WINDOWS\System32\Wbem;C:\WINDOWS\System32\WindowsPowerShell\v1.0\;C:\WINDOWS\System32\OpenSSH\;C:\Program Files\dotnet\;C:\Program Files\Microsoft SQL Server\130\Tools\Binn\;C:\Program Files\nodejs\;C:\Program Files\Git\cmd;C:\Users\lenovo\mysql-5.7.31-winx64\mysql-5.7.31-winx64\bin;C:\Users\lenovo\mysql\mysql-5.7.31-winx64\bin;C:\Spring\spring-2.3.3.RELEASE\bin;%GRADLE_HOME%\bin;C:\Program Files\7-Zip;D:\maven\bin;D:\gradle-6.3\bin;C:\WINDOWS\system32;C:\WINDOWS;C:\WINDOWS\System32\Wbem;C:\WINDOWS\System32\WindowsPowerShell\v1.0\;C:\WINDOWS\System32\OpenSSH\;C:\Program Files\dotnet\;C:\Program Files\Microsoft SQL Server\130\Tools\Binn\;C:\Users\lenovo\AppData\Local\Microsoft\WindowsApps;C:\Program Files\Git;C:\Users\lenovo\AppData\Roaming\npm;C:\Users\lenovo\Microsoft VS Code\bin;D:\download\eclipse;D:\IntelliJ IDEA 2020.2.1\bin;;
USERNAME=Ò¶ºè
OS=Windows_NT
PROCESSOR_IDENTIFIER=Intel64 Family 6 Model 142 Stepping 9, GenuineIntel



---------------  S Y S T E M  ---------------

OS: Windows 10.0 , 64 bit Build 18362 (10.0.18362.1082)

CPU:total 4 (initial active 4) (2 cores per cpu, 2 threads per core) family 6 model 142 stepping 9, cmov, cx8, fxsr, mmx, sse, sse2, sse3, ssse3, sse4.1, sse4.2, popcnt, avx, avx2, aes, clmul, erms, 3dnowpref, lzcnt, ht, tsc, tscinvbit, bmi1, bmi2, adx

Memory: 4k page, physical 8227212k(1130404k free), swap 8227212k(2128k free)

vm_info: Java HotSpot(TM) 64-Bit Server VM (25.261-b12) for windows-amd64 JRE (1.8.0_261-b12), built on Jun 18 2020 06:56:32 by "" with unknown MS VC++:1916

time: Sat Sep 12 02:27:04 2020
timezone: ?D1¨²¡À¨º¡Á?¨º¡À??
elapsed time: 4 seconds (0d 0h 0m 4s)

